<html>
<head>
<title>TestNG:  Test</title>
<link href="../testng.css" rel="stylesheet" type="text/css" />
<link href="../my-testng.css" rel="stylesheet" type="text/css" />

<style type="text/css">
.log { display: none;} 
.stack-trace { display: none;} 
</style>
<script type="text/javascript">
<!--
function flip(e) {
  current = e.style.display;
  if (current == 'block') {
    e.style.display = 'none';
    return 0;
  }
  else {
    e.style.display = 'block';
    return 1;
  }
}

function toggleBox(szDivId, elem, msg1, msg2)
{
  var res = -1;  if (document.getElementById) {
    res = flip(document.getElementById(szDivId));
  }
  else if (document.all) {
    // this is the way old msie versions work
    res = flip(document.all[szDivId]);
  }
  if(elem) {
    if(res == 0) elem.innerHTML = msg1; else elem.innerHTML = msg2;
  }

}

function toggleAllBoxes() {
  if (document.getElementsByTagName) {
    d = document.getElementsByTagName('div');
    for (i = 0; i < d.length; i++) {
      if (d[i].className == 'log') {
        flip(d[i]);
      }
    }
  }
}

// -->
</script>

</head>
<body>
<h2 align='center'>Test</h2><table border='1' align="center">
<tr>
<td>Tests passed/Failed/Skipped:</td><td>81/12/0</td>
</tr><tr>
<td>Started on:</td><td>Thu Jul 14 15:43:17 IST 2016</td>
</tr>
<tr><td>Total time:</td><td>3765 seconds (3765360 ms)</td>
</tr><tr>
<td>Included groups:</td><td></td>
</tr><tr>
<td>Excluded groups:</td><td></td>
</tr>
</table><p/>
<small><i>(Hover the method name to see the test class name)</i></small><p/>
<table width='100%' border='1' class='invocation-failed'>
<tr><td colspan='4' align='center'><b>FAILED TESTS</b></td></tr>
<tr><td><b>Test method</b></td>
<td width="30%"><b>Exception</b></td>
<td width="10%"><b>Time (seconds)</b></td>
<td><b>Instance</b></td>
</tr>
<tr>
<td title='RegressionSuite.TC41ToTC44.CloseWindow()'><b>CloseWindow</b><br>Test class: RegressionSuite.TC41ToTC44<br>Test method: TC : Close lbx url</td>
<td><div><pre>org.openqa.selenium.remote.SessionNotFoundException: Session ID is null. Using WebDriver after calling quit()?
Build info: version: &apos;2.48.2&apos;, revision: &apos;41bccdd&apos;, time: &apos;2015-10-09 19:55:52&apos;
System info: host: &apos;H5&apos;, ip: &apos;192.168.100.19&apos;, os.name: &apos;Windows 8.1&apos;, os.arch: &apos;amd64&apos;, os.version: &apos;6.3&apos;, java.version: &apos;1.8.0_66&apos;
Driver info: driver.version: RemoteWebDriver
	at org.openqa.selenium.remote.HttpCommandExecutor.execute(HttpCommandExecutor.java:134)
	at org.openqa.selenium.remote.service.DriverCommandExecutor.execute(DriverCommandExecutor.java:82)
	at org.openqa.selenium.remote.RemoteWebDriver.execute(RemoteWebDriver.java:620)
	at org.openqa.selenium.remote.RemoteWebDriver.execute(RemoteWebDriver.java:670)
	at org.openqa.selenium.remote.RemoteWebDriver.close(RemoteWebDriver.java:511)
	at RegressionSuite.TC41ToTC44.CloseWindow(TC41ToTC44.java:449)
... Removed 24 stack frames</pre></div><a href='#' onClick='toggleBox("stack-trace2038232668", this, "Click to show all stack frames", "Click to hide stack frames")'>Click to show all stack frames</a>
<div class='stack-trace' id='stack-trace2038232668'><pre>org.openqa.selenium.remote.SessionNotFoundException: Session ID is null. Using WebDriver after calling quit()?
Build info: version: &apos;2.48.2&apos;, revision: &apos;41bccdd&apos;, time: &apos;2015-10-09 19:55:52&apos;
System info: host: &apos;H5&apos;, ip: &apos;192.168.100.19&apos;, os.name: &apos;Windows 8.1&apos;, os.arch: &apos;amd64&apos;, os.version: &apos;6.3&apos;, java.version: &apos;1.8.0_66&apos;
Driver info: driver.version: RemoteWebDriver
	at org.openqa.selenium.remote.HttpCommandExecutor.execute(HttpCommandExecutor.java:134)
	at org.openqa.selenium.remote.service.DriverCommandExecutor.execute(DriverCommandExecutor.java:82)
	at org.openqa.selenium.remote.RemoteWebDriver.execute(RemoteWebDriver.java:620)
	at org.openqa.selenium.remote.RemoteWebDriver.execute(RemoteWebDriver.java:670)
	at org.openqa.selenium.remote.RemoteWebDriver.close(RemoteWebDriver.java:511)
	at RegressionSuite.TC41ToTC44.CloseWindow(TC41ToTC44.java:449)
	at sun.reflect.NativeMethodAccessorImpl.invoke0(Native Method)
	at sun.reflect.NativeMethodAccessorImpl.invoke(Unknown Source)
	at sun.reflect.DelegatingMethodAccessorImpl.invoke(Unknown Source)
	at java.lang.reflect.Method.invoke(Unknown Source)
	at org.testng.internal.MethodInvocationHelper.invokeMethod(MethodInvocationHelper.java:86)
	at org.testng.internal.Invoker.invokeMethod(Invoker.java:643)
	at org.testng.internal.Invoker.invokeTestMethod(Invoker.java:820)
	at org.testng.internal.Invoker.invokeTestMethods(Invoker.java:1128)
	at org.testng.internal.TestMethodWorker.invokeTestMethods(TestMethodWorker.java:129)
	at org.testng.internal.TestMethodWorker.run(TestMethodWorker.java:112)
	at org.testng.TestRunner.privateRun(TestRunner.java:782)
	at org.testng.TestRunner.run(TestRunner.java:632)
	at org.testng.SuiteRunner.runTest(SuiteRunner.java:366)
	at org.testng.SuiteRunner.runSequentially(SuiteRunner.java:361)
	at org.testng.SuiteRunner.privateRun(SuiteRunner.java:319)
	at org.testng.SuiteRunner.run(SuiteRunner.java:268)
	at org.testng.SuiteRunnerWorker.runSuite(SuiteRunnerWorker.java:52)
	at org.testng.SuiteRunnerWorker.run(SuiteRunnerWorker.java:86)
	at org.testng.TestNG.runSuitesSequentially(TestNG.java:1244)
	at org.testng.TestNG.runSuitesLocally(TestNG.java:1169)
	at org.testng.TestNG.run(TestNG.java:1064)
	at org.testng.remote.RemoteTestNG.run(RemoteTestNG.java:113)
	at org.testng.remote.RemoteTestNG.initAndRun(RemoteTestNG.java:206)
	at org.testng.remote.RemoteTestNG.main(RemoteTestNG.java:177)
</pre></div></td>
<td>0</td>
<td>RegressionSuite.TC41ToTC44@1554909b</td></tr>
<tr>
<td title='RegressionSuite.TC13.beforeTest()'><b>beforeTest</b><br>Test class: RegressionSuite.TC13<br>Test method: TC: Load lightbox URL </td>
<td><div><pre>org.openqa.selenium.TimeoutException: timeout: Timed out receiving message from renderer: 245.502
  (Session info: chrome=51.0.2704.103)
  (Driver info: chromedriver=2.21.371459 (36d3d07f660ff2bc1bf28a75d1cdabed0983e7c4),platform=Windows NT 6.3 x86_64) (WARNING: The server did not provide any stacktrace information)
Command duration or timeout: 301.84 seconds
Build info: version: &apos;2.48.2&apos;, revision: &apos;41bccdd&apos;, time: &apos;2015-10-09 19:55:52&apos;
System info: host: &apos;H5&apos;, ip: &apos;192.168.100.19&apos;, os.name: &apos;Windows 8.1&apos;, os.arch: &apos;amd64&apos;, os.version: &apos;6.3&apos;, java.version: &apos;1.8.0_66&apos;
Driver info: org.openqa.selenium.chrome.ChromeDriver
Capabilities [{applicationCacheEnabled=false, rotatable=false, mobileEmulationEnabled=false, chrome={chromedriverVersion=2.21.371459 (36d3d07f660ff2bc1bf28a75d1cdabed0983e7c4), userDataDir=C:\Users\Admin\AppData\Local\Temp\scoped_dir3552_28168}, takesHeapSnapshot=true, databaseEnabled=false, handlesAlerts=true, hasTouchScreen=false, version=51.0.2704.103, platform=WIN8_1, browserConnectionEnabled=false, nativeEvents=true, acceptSslCerts=true, locationContextEnabled=true, webStorageEnabled=true, browserName=chrome, takesScreenshot=true, javascriptEnabled=true, cssSelectorsEnabled=true}]
Session ID: e5e780fe1ee6353efcd6c827cdd87319
	at org.openqa.selenium.remote.ErrorHandler.createThrowable(ErrorHandler.java:206)
	at org.openqa.selenium.remote.ErrorHandler.throwIfResponseFailed(ErrorHandler.java:158)
	at org.openqa.selenium.remote.RemoteWebDriver.execute(RemoteWebDriver.java:647)
	at org.openqa.selenium.remote.RemoteWebDriver.get(RemoteWebDriver.java:311)
	at RegressionSuite.TC13.beforeTest(TC13.java:24)
... Removed 28 stack frames</pre></div><a href='#' onClick='toggleBox("stack-trace402405659", this, "Click to show all stack frames", "Click to hide stack frames")'>Click to show all stack frames</a>
<div class='stack-trace' id='stack-trace402405659'><pre>org.openqa.selenium.TimeoutException: timeout: Timed out receiving message from renderer: 245.502
  (Session info: chrome=51.0.2704.103)
  (Driver info: chromedriver=2.21.371459 (36d3d07f660ff2bc1bf28a75d1cdabed0983e7c4),platform=Windows NT 6.3 x86_64) (WARNING: The server did not provide any stacktrace information)
Command duration or timeout: 301.84 seconds
Build info: version: &apos;2.48.2&apos;, revision: &apos;41bccdd&apos;, time: &apos;2015-10-09 19:55:52&apos;
System info: host: &apos;H5&apos;, ip: &apos;192.168.100.19&apos;, os.name: &apos;Windows 8.1&apos;, os.arch: &apos;amd64&apos;, os.version: &apos;6.3&apos;, java.version: &apos;1.8.0_66&apos;
Driver info: org.openqa.selenium.chrome.ChromeDriver
Capabilities [{applicationCacheEnabled=false, rotatable=false, mobileEmulationEnabled=false, chrome={chromedriverVersion=2.21.371459 (36d3d07f660ff2bc1bf28a75d1cdabed0983e7c4), userDataDir=C:\Users\Admin\AppData\Local\Temp\scoped_dir3552_28168}, takesHeapSnapshot=true, databaseEnabled=false, handlesAlerts=true, hasTouchScreen=false, version=51.0.2704.103, platform=WIN8_1, browserConnectionEnabled=false, nativeEvents=true, acceptSslCerts=true, locationContextEnabled=true, webStorageEnabled=true, browserName=chrome, takesScreenshot=true, javascriptEnabled=true, cssSelectorsEnabled=true}]
Session ID: e5e780fe1ee6353efcd6c827cdd87319
	at sun.reflect.NativeConstructorAccessorImpl.newInstance0(Native Method)
	at sun.reflect.NativeConstructorAccessorImpl.newInstance(Unknown Source)
	at sun.reflect.DelegatingConstructorAccessorImpl.newInstance(Unknown Source)
	at java.lang.reflect.Constructor.newInstance(Unknown Source)
	at org.openqa.selenium.remote.ErrorHandler.createThrowable(ErrorHandler.java:206)
	at org.openqa.selenium.remote.ErrorHandler.throwIfResponseFailed(ErrorHandler.java:158)
	at org.openqa.selenium.remote.RemoteWebDriver.execute(RemoteWebDriver.java:647)
	at org.openqa.selenium.remote.RemoteWebDriver.get(RemoteWebDriver.java:311)
	at RegressionSuite.TC13.beforeTest(TC13.java:24)
	at sun.reflect.NativeMethodAccessorImpl.invoke0(Native Method)
	at sun.reflect.NativeMethodAccessorImpl.invoke(Unknown Source)
	at sun.reflect.DelegatingMethodAccessorImpl.invoke(Unknown Source)
	at java.lang.reflect.Method.invoke(Unknown Source)
	at org.testng.internal.MethodInvocationHelper.invokeMethod(MethodInvocationHelper.java:86)
	at org.testng.internal.Invoker.invokeMethod(Invoker.java:643)
	at org.testng.internal.Invoker.invokeTestMethod(Invoker.java:820)
	at org.testng.internal.Invoker.invokeTestMethods(Invoker.java:1128)
	at org.testng.internal.TestMethodWorker.invokeTestMethods(TestMethodWorker.java:129)
	at org.testng.internal.TestMethodWorker.run(TestMethodWorker.java:112)
	at org.testng.TestRunner.privateRun(TestRunner.java:782)
	at org.testng.TestRunner.run(TestRunner.java:632)
	at org.testng.SuiteRunner.runTest(SuiteRunner.java:366)
	at org.testng.SuiteRunner.runSequentially(SuiteRunner.java:361)
	at org.testng.SuiteRunner.privateRun(SuiteRunner.java:319)
	at org.testng.SuiteRunner.run(SuiteRunner.java:268)
	at org.testng.SuiteRunnerWorker.runSuite(SuiteRunnerWorker.java:52)
	at org.testng.SuiteRunnerWorker.run(SuiteRunnerWorker.java:86)
	at org.testng.TestNG.runSuitesSequentially(TestNG.java:1244)
	at org.testng.TestNG.runSuitesLocally(TestNG.java:1169)
	at org.testng.TestNG.run(TestNG.java:1064)
	at org.testng.remote.RemoteTestNG.run(RemoteTestNG.java:113)
	at org.testng.remote.RemoteTestNG.initAndRun(RemoteTestNG.java:206)
	at org.testng.remote.RemoteTestNG.main(RemoteTestNG.java:177)
</pre></div></td>
<td>304</td>
<td>RegressionSuite.TC13@60f82f98</td></tr>
<tr>
<td title='RegressionSuite.TC41ToTC44.verifyAQUIFLOWRecordCount()'><b>verifyAQUIFLOWRecordCount</b><br>Test class: RegressionSuite.TC41ToTC44<br>Test method: TC 42: Verify Record Count for AQUIFLOW </td>
<td><div><pre>org.openqa.selenium.remote.SessionNotFoundException: Session ID is null. Using WebDriver after calling quit()?
Build info: version: &apos;2.48.2&apos;, revision: &apos;41bccdd&apos;, time: &apos;2015-10-09 19:55:52&apos;
System info: host: &apos;H5&apos;, ip: &apos;192.168.100.19&apos;, os.name: &apos;Windows 8.1&apos;, os.arch: &apos;amd64&apos;, os.version: &apos;6.3&apos;, java.version: &apos;1.8.0_66&apos;
Driver info: driver.version: RemoteWebDriver
	at org.openqa.selenium.remote.HttpCommandExecutor.execute(HttpCommandExecutor.java:134)
	at org.openqa.selenium.remote.service.DriverCommandExecutor.execute(DriverCommandExecutor.java:82)
	at org.openqa.selenium.remote.RemoteWebDriver.execute(RemoteWebDriver.java:620)
	at org.openqa.selenium.remote.RemoteWebDriver.findElement(RemoteWebDriver.java:353)
	at org.openqa.selenium.remote.RemoteWebDriver.findElementByXPath(RemoteWebDriver.java:490)
	at org.openqa.selenium.By$ByXPath.findElement(By.java:361)
	at org.openqa.selenium.remote.RemoteWebDriver.findElement(RemoteWebDriver.java:345)
	at RegressionSuite.TC41ToTC44.verifyAQUIFLOWRecordCount(TC41ToTC44.java:132)
... Removed 24 stack frames</pre></div><a href='#' onClick='toggleBox("stack-trace896072146", this, "Click to show all stack frames", "Click to hide stack frames")'>Click to show all stack frames</a>
<div class='stack-trace' id='stack-trace896072146'><pre>org.openqa.selenium.remote.SessionNotFoundException: Session ID is null. Using WebDriver after calling quit()?
Build info: version: &apos;2.48.2&apos;, revision: &apos;41bccdd&apos;, time: &apos;2015-10-09 19:55:52&apos;
System info: host: &apos;H5&apos;, ip: &apos;192.168.100.19&apos;, os.name: &apos;Windows 8.1&apos;, os.arch: &apos;amd64&apos;, os.version: &apos;6.3&apos;, java.version: &apos;1.8.0_66&apos;
Driver info: driver.version: RemoteWebDriver
	at org.openqa.selenium.remote.HttpCommandExecutor.execute(HttpCommandExecutor.java:134)
	at org.openqa.selenium.remote.service.DriverCommandExecutor.execute(DriverCommandExecutor.java:82)
	at org.openqa.selenium.remote.RemoteWebDriver.execute(RemoteWebDriver.java:620)
	at org.openqa.selenium.remote.RemoteWebDriver.findElement(RemoteWebDriver.java:353)
	at org.openqa.selenium.remote.RemoteWebDriver.findElementByXPath(RemoteWebDriver.java:490)
	at org.openqa.selenium.By$ByXPath.findElement(By.java:361)
	at org.openqa.selenium.remote.RemoteWebDriver.findElement(RemoteWebDriver.java:345)
	at RegressionSuite.TC41ToTC44.verifyAQUIFLOWRecordCount(TC41ToTC44.java:132)
	at sun.reflect.NativeMethodAccessorImpl.invoke0(Native Method)
	at sun.reflect.NativeMethodAccessorImpl.invoke(Unknown Source)
	at sun.reflect.DelegatingMethodAccessorImpl.invoke(Unknown Source)
	at java.lang.reflect.Method.invoke(Unknown Source)
	at org.testng.internal.MethodInvocationHelper.invokeMethod(MethodInvocationHelper.java:86)
	at org.testng.internal.Invoker.invokeMethod(Invoker.java:643)
	at org.testng.internal.Invoker.invokeTestMethod(Invoker.java:820)
	at org.testng.internal.Invoker.invokeTestMethods(Invoker.java:1128)
	at org.testng.internal.TestMethodWorker.invokeTestMethods(TestMethodWorker.java:129)
	at org.testng.internal.TestMethodWorker.run(TestMethodWorker.java:112)
	at org.testng.TestRunner.privateRun(TestRunner.java:782)
	at org.testng.TestRunner.run(TestRunner.java:632)
	at org.testng.SuiteRunner.runTest(SuiteRunner.java:366)
	at org.testng.SuiteRunner.runSequentially(SuiteRunner.java:361)
	at org.testng.SuiteRunner.privateRun(SuiteRunner.java:319)
	at org.testng.SuiteRunner.run(SuiteRunner.java:268)
	at org.testng.SuiteRunnerWorker.runSuite(SuiteRunnerWorker.java:52)
	at org.testng.SuiteRunnerWorker.run(SuiteRunnerWorker.java:86)
	at org.testng.TestNG.runSuitesSequentially(TestNG.java:1244)
	at org.testng.TestNG.runSuitesLocally(TestNG.java:1169)
	at org.testng.TestNG.run(TestNG.java:1064)
	at org.testng.remote.RemoteTestNG.run(RemoteTestNG.java:113)
	at org.testng.remote.RemoteTestNG.initAndRun(RemoteTestNG.java:206)
	at org.testng.remote.RemoteTestNG.main(RemoteTestNG.java:177)
</pre></div></td>
<td>0</td>
<td>RegressionSuite.TC41ToTC44@1554909b</td></tr>
<tr>
<td title='RegressionSuite.TC41ToTC44.verifyColumnAdjustmentFeature()'><b>verifyColumnAdjustmentFeature</b><br>Test class: RegressionSuite.TC41ToTC44<br>Test method: TC 43: Verify Add/Remove Column Feature </td>
<td><div><pre>org.openqa.selenium.remote.SessionNotFoundException: Session ID is null. Using WebDriver after calling quit()?
Build info: version: &apos;2.48.2&apos;, revision: &apos;41bccdd&apos;, time: &apos;2015-10-09 19:55:52&apos;
System info: host: &apos;H5&apos;, ip: &apos;192.168.100.19&apos;, os.name: &apos;Windows 8.1&apos;, os.arch: &apos;amd64&apos;, os.version: &apos;6.3&apos;, java.version: &apos;1.8.0_66&apos;
Driver info: driver.version: RemoteWebDriver
	at org.openqa.selenium.remote.HttpCommandExecutor.execute(HttpCommandExecutor.java:134)
	at org.openqa.selenium.remote.service.DriverCommandExecutor.execute(DriverCommandExecutor.java:82)
	at org.openqa.selenium.remote.RemoteWebDriver.execute(RemoteWebDriver.java:620)
	at org.openqa.selenium.remote.RemoteWebDriver.findElements(RemoteWebDriver.java:378)
	at org.openqa.selenium.remote.RemoteWebDriver.findElementsByXPath(RemoteWebDriver.java:494)
	at org.openqa.selenium.By$ByXPath.findElements(By.java:356)
	at org.openqa.selenium.remote.RemoteWebDriver.findElements(RemoteWebDriver.java:341)
	at RegressionSuite.TC41ToTC44.verifyColumnAdjustmentFeature(TC41ToTC44.java:150)
... Removed 24 stack frames</pre></div><a href='#' onClick='toggleBox("stack-trace1874028013", this, "Click to show all stack frames", "Click to hide stack frames")'>Click to show all stack frames</a>
<div class='stack-trace' id='stack-trace1874028013'><pre>org.openqa.selenium.remote.SessionNotFoundException: Session ID is null. Using WebDriver after calling quit()?
Build info: version: &apos;2.48.2&apos;, revision: &apos;41bccdd&apos;, time: &apos;2015-10-09 19:55:52&apos;
System info: host: &apos;H5&apos;, ip: &apos;192.168.100.19&apos;, os.name: &apos;Windows 8.1&apos;, os.arch: &apos;amd64&apos;, os.version: &apos;6.3&apos;, java.version: &apos;1.8.0_66&apos;
Driver info: driver.version: RemoteWebDriver
	at org.openqa.selenium.remote.HttpCommandExecutor.execute(HttpCommandExecutor.java:134)
	at org.openqa.selenium.remote.service.DriverCommandExecutor.execute(DriverCommandExecutor.java:82)
	at org.openqa.selenium.remote.RemoteWebDriver.execute(RemoteWebDriver.java:620)
	at org.openqa.selenium.remote.RemoteWebDriver.findElements(RemoteWebDriver.java:378)
	at org.openqa.selenium.remote.RemoteWebDriver.findElementsByXPath(RemoteWebDriver.java:494)
	at org.openqa.selenium.By$ByXPath.findElements(By.java:356)
	at org.openqa.selenium.remote.RemoteWebDriver.findElements(RemoteWebDriver.java:341)
	at RegressionSuite.TC41ToTC44.verifyColumnAdjustmentFeature(TC41ToTC44.java:150)
	at sun.reflect.NativeMethodAccessorImpl.invoke0(Native Method)
	at sun.reflect.NativeMethodAccessorImpl.invoke(Unknown Source)
	at sun.reflect.DelegatingMethodAccessorImpl.invoke(Unknown Source)
	at java.lang.reflect.Method.invoke(Unknown Source)
	at org.testng.internal.MethodInvocationHelper.invokeMethod(MethodInvocationHelper.java:86)
	at org.testng.internal.Invoker.invokeMethod(Invoker.java:643)
	at org.testng.internal.Invoker.invokeTestMethod(Invoker.java:820)
	at org.testng.internal.Invoker.invokeTestMethods(Invoker.java:1128)
	at org.testng.internal.TestMethodWorker.invokeTestMethods(TestMethodWorker.java:129)
	at org.testng.internal.TestMethodWorker.run(TestMethodWorker.java:112)
	at org.testng.TestRunner.privateRun(TestRunner.java:782)
	at org.testng.TestRunner.run(TestRunner.java:632)
	at org.testng.SuiteRunner.runTest(SuiteRunner.java:366)
	at org.testng.SuiteRunner.runSequentially(SuiteRunner.java:361)
	at org.testng.SuiteRunner.privateRun(SuiteRunner.java:319)
	at org.testng.SuiteRunner.run(SuiteRunner.java:268)
	at org.testng.SuiteRunnerWorker.runSuite(SuiteRunnerWorker.java:52)
	at org.testng.SuiteRunnerWorker.run(SuiteRunnerWorker.java:86)
	at org.testng.TestNG.runSuitesSequentially(TestNG.java:1244)
	at org.testng.TestNG.runSuitesLocally(TestNG.java:1169)
	at org.testng.TestNG.run(TestNG.java:1064)
	at org.testng.remote.RemoteTestNG.run(RemoteTestNG.java:113)
	at org.testng.remote.RemoteTestNG.initAndRun(RemoteTestNG.java:206)
	at org.testng.remote.RemoteTestNG.main(RemoteTestNG.java:177)
</pre></div></td>
<td>0</td>
<td>RegressionSuite.TC41ToTC44@1554909b</td></tr>
<tr>
<td title='RegressionSuite.TC14To17.verifyDBLinks()'><b>verifyDBLinks</b><br>Test class: RegressionSuite.TC14To17<br>Test method: TC15: Verify DB link on Slideout panel.</td>
<td><div><pre>org.openqa.selenium.ElementNotVisibleException: element not visible
  (Session info: chrome=51.0.2704.103)
  (Driver info: chromedriver=2.21.371459 (36d3d07f660ff2bc1bf28a75d1cdabed0983e7c4),platform=Windows NT 6.3 x86_64) (WARNING: The server did not provide any stacktrace information)
Command duration or timeout: 60 milliseconds
Build info: version: &apos;2.48.2&apos;, revision: &apos;41bccdd&apos;, time: &apos;2015-10-09 19:55:52&apos;
System info: host: &apos;H5&apos;, ip: &apos;192.168.100.19&apos;, os.name: &apos;Windows 8.1&apos;, os.arch: &apos;amd64&apos;, os.version: &apos;6.3&apos;, java.version: &apos;1.8.0_66&apos;
Driver info: org.openqa.selenium.chrome.ChromeDriver
Capabilities [{applicationCacheEnabled=false, rotatable=false, mobileEmulationEnabled=false, chrome={chromedriverVersion=2.21.371459 (36d3d07f660ff2bc1bf28a75d1cdabed0983e7c4), userDataDir=C:\Users\Admin\AppData\Local\Temp\scoped_dir15068_29142}, takesHeapSnapshot=true, databaseEnabled=false, handlesAlerts=true, hasTouchScreen=false, version=51.0.2704.103, platform=WIN8_1, browserConnectionEnabled=false, nativeEvents=true, acceptSslCerts=true, locationContextEnabled=true, webStorageEnabled=true, browserName=chrome, takesScreenshot=true, javascriptEnabled=true, cssSelectorsEnabled=true}]
Session ID: da2a195094fa3c409355d02b44265370
	at org.openqa.selenium.remote.ErrorHandler.createThrowable(ErrorHandler.java:206)
	at org.openqa.selenium.remote.ErrorHandler.throwIfResponseFailed(ErrorHandler.java:158)
	at org.openqa.selenium.remote.RemoteWebDriver.execute(RemoteWebDriver.java:647)
	at org.openqa.selenium.remote.RemoteWebElement.execute(RemoteWebElement.java:326)
	at org.openqa.selenium.remote.RemoteWebElement.click(RemoteWebElement.java:84)
	at RegressionSuite.TC14To17.verifyDBLinks(TC14To17.java:165)
... Removed 27 stack frames</pre></div><a href='#' onClick='toggleBox("stack-trace2101249621", this, "Click to show all stack frames", "Click to hide stack frames")'>Click to show all stack frames</a>
<div class='stack-trace' id='stack-trace2101249621'><pre>org.openqa.selenium.ElementNotVisibleException: element not visible
  (Session info: chrome=51.0.2704.103)
  (Driver info: chromedriver=2.21.371459 (36d3d07f660ff2bc1bf28a75d1cdabed0983e7c4),platform=Windows NT 6.3 x86_64) (WARNING: The server did not provide any stacktrace information)
Command duration or timeout: 60 milliseconds
Build info: version: &apos;2.48.2&apos;, revision: &apos;41bccdd&apos;, time: &apos;2015-10-09 19:55:52&apos;
System info: host: &apos;H5&apos;, ip: &apos;192.168.100.19&apos;, os.name: &apos;Windows 8.1&apos;, os.arch: &apos;amd64&apos;, os.version: &apos;6.3&apos;, java.version: &apos;1.8.0_66&apos;
Driver info: org.openqa.selenium.chrome.ChromeDriver
Capabilities [{applicationCacheEnabled=false, rotatable=false, mobileEmulationEnabled=false, chrome={chromedriverVersion=2.21.371459 (36d3d07f660ff2bc1bf28a75d1cdabed0983e7c4), userDataDir=C:\Users\Admin\AppData\Local\Temp\scoped_dir15068_29142}, takesHeapSnapshot=true, databaseEnabled=false, handlesAlerts=true, hasTouchScreen=false, version=51.0.2704.103, platform=WIN8_1, browserConnectionEnabled=false, nativeEvents=true, acceptSslCerts=true, locationContextEnabled=true, webStorageEnabled=true, browserName=chrome, takesScreenshot=true, javascriptEnabled=true, cssSelectorsEnabled=true}]
Session ID: da2a195094fa3c409355d02b44265370
	at sun.reflect.GeneratedConstructorAccessor10.newInstance(Unknown Source)
	at sun.reflect.DelegatingConstructorAccessorImpl.newInstance(Unknown Source)
	at java.lang.reflect.Constructor.newInstance(Unknown Source)
	at org.openqa.selenium.remote.ErrorHandler.createThrowable(ErrorHandler.java:206)
	at org.openqa.selenium.remote.ErrorHandler.throwIfResponseFailed(ErrorHandler.java:158)
	at org.openqa.selenium.remote.RemoteWebDriver.execute(RemoteWebDriver.java:647)
	at org.openqa.selenium.remote.RemoteWebElement.execute(RemoteWebElement.java:326)
	at org.openqa.selenium.remote.RemoteWebElement.click(RemoteWebElement.java:84)
	at RegressionSuite.TC14To17.verifyDBLinks(TC14To17.java:165)
	at sun.reflect.NativeMethodAccessorImpl.invoke0(Native Method)
	at sun.reflect.NativeMethodAccessorImpl.invoke(Unknown Source)
	at sun.reflect.DelegatingMethodAccessorImpl.invoke(Unknown Source)
	at java.lang.reflect.Method.invoke(Unknown Source)
	at org.testng.internal.MethodInvocationHelper.invokeMethod(MethodInvocationHelper.java:86)
	at org.testng.internal.Invoker.invokeMethod(Invoker.java:643)
	at org.testng.internal.Invoker.invokeTestMethod(Invoker.java:820)
	at org.testng.internal.Invoker.invokeTestMethods(Invoker.java:1128)
	at org.testng.internal.TestMethodWorker.invokeTestMethods(TestMethodWorker.java:129)
	at org.testng.internal.TestMethodWorker.run(TestMethodWorker.java:112)
	at org.testng.TestRunner.privateRun(TestRunner.java:782)
	at org.testng.TestRunner.run(TestRunner.java:632)
	at org.testng.SuiteRunner.runTest(SuiteRunner.java:366)
	at org.testng.SuiteRunner.runSequentially(SuiteRunner.java:361)
	at org.testng.SuiteRunner.privateRun(SuiteRunner.java:319)
	at org.testng.SuiteRunner.run(SuiteRunner.java:268)
	at org.testng.SuiteRunnerWorker.runSuite(SuiteRunnerWorker.java:52)
	at org.testng.SuiteRunnerWorker.run(SuiteRunnerWorker.java:86)
	at org.testng.TestNG.runSuitesSequentially(TestNG.java:1244)
	at org.testng.TestNG.runSuitesLocally(TestNG.java:1169)
	at org.testng.TestNG.run(TestNG.java:1064)
	at org.testng.remote.RemoteTestNG.run(RemoteTestNG.java:113)
	at org.testng.remote.RemoteTestNG.initAndRun(RemoteTestNG.java:206)
	at org.testng.remote.RemoteTestNG.main(RemoteTestNG.java:177)
</pre></div></td>
<td>7</td>
<td>RegressionSuite.TC14To17@35f983a6</td></tr>
<tr>
<td title='RegressionSuite.TC14To17.verifyFilters()'><b>verifyFilters</b><br>Test class: RegressionSuite.TC14To17<br>Test method: TC 16: Verify DIST/DIR Link on Slideout panel</td>
<td><div><pre>org.openqa.selenium.ElementNotVisibleException: element not visible
  (Session info: chrome=51.0.2704.103)
  (Driver info: chromedriver=2.21.371459 (36d3d07f660ff2bc1bf28a75d1cdabed0983e7c4),platform=Windows NT 6.3 x86_64) (WARNING: The server did not provide any stacktrace information)
Command duration or timeout: 61 milliseconds
Build info: version: &apos;2.48.2&apos;, revision: &apos;41bccdd&apos;, time: &apos;2015-10-09 19:55:52&apos;
System info: host: &apos;H5&apos;, ip: &apos;192.168.100.19&apos;, os.name: &apos;Windows 8.1&apos;, os.arch: &apos;amd64&apos;, os.version: &apos;6.3&apos;, java.version: &apos;1.8.0_66&apos;
Driver info: org.openqa.selenium.chrome.ChromeDriver
Capabilities [{applicationCacheEnabled=false, rotatable=false, mobileEmulationEnabled=false, chrome={chromedriverVersion=2.21.371459 (36d3d07f660ff2bc1bf28a75d1cdabed0983e7c4), userDataDir=C:\Users\Admin\AppData\Local\Temp\scoped_dir15068_29142}, takesHeapSnapshot=true, databaseEnabled=false, handlesAlerts=true, hasTouchScreen=false, version=51.0.2704.103, platform=WIN8_1, browserConnectionEnabled=false, nativeEvents=true, acceptSslCerts=true, locationContextEnabled=true, webStorageEnabled=true, browserName=chrome, takesScreenshot=true, javascriptEnabled=true, cssSelectorsEnabled=true}]
Session ID: da2a195094fa3c409355d02b44265370
	at org.openqa.selenium.remote.ErrorHandler.createThrowable(ErrorHandler.java:206)
	at org.openqa.selenium.remote.ErrorHandler.throwIfResponseFailed(ErrorHandler.java:158)
	at org.openqa.selenium.remote.RemoteWebDriver.execute(RemoteWebDriver.java:647)
	at org.openqa.selenium.remote.RemoteWebElement.execute(RemoteWebElement.java:326)
	at org.openqa.selenium.remote.RemoteWebElement.click(RemoteWebElement.java:84)
	at RegressionSuite.TC14To17.verifyFilters(TC14To17.java:277)
... Removed 27 stack frames</pre></div><a href='#' onClick='toggleBox("stack-trace798310141", this, "Click to show all stack frames", "Click to hide stack frames")'>Click to show all stack frames</a>
<div class='stack-trace' id='stack-trace798310141'><pre>org.openqa.selenium.ElementNotVisibleException: element not visible
  (Session info: chrome=51.0.2704.103)
  (Driver info: chromedriver=2.21.371459 (36d3d07f660ff2bc1bf28a75d1cdabed0983e7c4),platform=Windows NT 6.3 x86_64) (WARNING: The server did not provide any stacktrace information)
Command duration or timeout: 61 milliseconds
Build info: version: &apos;2.48.2&apos;, revision: &apos;41bccdd&apos;, time: &apos;2015-10-09 19:55:52&apos;
System info: host: &apos;H5&apos;, ip: &apos;192.168.100.19&apos;, os.name: &apos;Windows 8.1&apos;, os.arch: &apos;amd64&apos;, os.version: &apos;6.3&apos;, java.version: &apos;1.8.0_66&apos;
Driver info: org.openqa.selenium.chrome.ChromeDriver
Capabilities [{applicationCacheEnabled=false, rotatable=false, mobileEmulationEnabled=false, chrome={chromedriverVersion=2.21.371459 (36d3d07f660ff2bc1bf28a75d1cdabed0983e7c4), userDataDir=C:\Users\Admin\AppData\Local\Temp\scoped_dir15068_29142}, takesHeapSnapshot=true, databaseEnabled=false, handlesAlerts=true, hasTouchScreen=false, version=51.0.2704.103, platform=WIN8_1, browserConnectionEnabled=false, nativeEvents=true, acceptSslCerts=true, locationContextEnabled=true, webStorageEnabled=true, browserName=chrome, takesScreenshot=true, javascriptEnabled=true, cssSelectorsEnabled=true}]
Session ID: da2a195094fa3c409355d02b44265370
	at sun.reflect.GeneratedConstructorAccessor10.newInstance(Unknown Source)
	at sun.reflect.DelegatingConstructorAccessorImpl.newInstance(Unknown Source)
	at java.lang.reflect.Constructor.newInstance(Unknown Source)
	at org.openqa.selenium.remote.ErrorHandler.createThrowable(ErrorHandler.java:206)
	at org.openqa.selenium.remote.ErrorHandler.throwIfResponseFailed(ErrorHandler.java:158)
	at org.openqa.selenium.remote.RemoteWebDriver.execute(RemoteWebDriver.java:647)
	at org.openqa.selenium.remote.RemoteWebElement.execute(RemoteWebElement.java:326)
	at org.openqa.selenium.remote.RemoteWebElement.click(RemoteWebElement.java:84)
	at RegressionSuite.TC14To17.verifyFilters(TC14To17.java:277)
	at sun.reflect.NativeMethodAccessorImpl.invoke0(Native Method)
	at sun.reflect.NativeMethodAccessorImpl.invoke(Unknown Source)
	at sun.reflect.DelegatingMethodAccessorImpl.invoke(Unknown Source)
	at java.lang.reflect.Method.invoke(Unknown Source)
	at org.testng.internal.MethodInvocationHelper.invokeMethod(MethodInvocationHelper.java:86)
	at org.testng.internal.Invoker.invokeMethod(Invoker.java:643)
	at org.testng.internal.Invoker.invokeTestMethod(Invoker.java:820)
	at org.testng.internal.Invoker.invokeTestMethods(Invoker.java:1128)
	at org.testng.internal.TestMethodWorker.invokeTestMethods(TestMethodWorker.java:129)
	at org.testng.internal.TestMethodWorker.run(TestMethodWorker.java:112)
	at org.testng.TestRunner.privateRun(TestRunner.java:782)
	at org.testng.TestRunner.run(TestRunner.java:632)
	at org.testng.SuiteRunner.runTest(SuiteRunner.java:366)
	at org.testng.SuiteRunner.runSequentially(SuiteRunner.java:361)
	at org.testng.SuiteRunner.privateRun(SuiteRunner.java:319)
	at org.testng.SuiteRunner.run(SuiteRunner.java:268)
	at org.testng.SuiteRunnerWorker.runSuite(SuiteRunnerWorker.java:52)
	at org.testng.SuiteRunnerWorker.run(SuiteRunnerWorker.java:86)
	at org.testng.TestNG.runSuitesSequentially(TestNG.java:1244)
	at org.testng.TestNG.runSuitesLocally(TestNG.java:1169)
	at org.testng.TestNG.run(TestNG.java:1064)
	at org.testng.remote.RemoteTestNG.run(RemoteTestNG.java:113)
	at org.testng.remote.RemoteTestNG.initAndRun(RemoteTestNG.java:206)
	at org.testng.remote.RemoteTestNG.main(RemoteTestNG.java:177)
</pre></div></td>
<td>7</td>
<td>RegressionSuite.TC14To17@35f983a6</td></tr>
<tr>
<td title='RegressionSuite.TC32ToTC36.verifyHighLightFlagFilter()'><b>verifyHighLightFlagFilter</b><br>Test class: RegressionSuite.TC32ToTC36<br>Test method: TC 33: Verify Highlight Filter on SOIL DATA</td>
<td><div><pre>org.openqa.selenium.ElementNotVisibleException: element not visible
  (Session info: chrome=51.0.2704.103)
  (Driver info: chromedriver=2.21.371459 (36d3d07f660ff2bc1bf28a75d1cdabed0983e7c4),platform=Windows NT 6.3 x86_64) (WARNING: The server did not provide any stacktrace information)
Command duration or timeout: 63 milliseconds
Build info: version: &apos;2.48.2&apos;, revision: &apos;41bccdd&apos;, time: &apos;2015-10-09 19:55:52&apos;
System info: host: &apos;H5&apos;, ip: &apos;192.168.100.19&apos;, os.name: &apos;Windows 8.1&apos;, os.arch: &apos;amd64&apos;, os.version: &apos;6.3&apos;, java.version: &apos;1.8.0_66&apos;
Driver info: org.openqa.selenium.chrome.ChromeDriver
Capabilities [{applicationCacheEnabled=false, rotatable=false, mobileEmulationEnabled=false, chrome={chromedriverVersion=2.21.371459 (36d3d07f660ff2bc1bf28a75d1cdabed0983e7c4), userDataDir=C:\Users\Admin\AppData\Local\Temp\scoped_dir8232_32164}, takesHeapSnapshot=true, databaseEnabled=false, handlesAlerts=true, hasTouchScreen=false, version=51.0.2704.103, platform=WIN8_1, browserConnectionEnabled=false, nativeEvents=true, acceptSslCerts=true, locationContextEnabled=true, webStorageEnabled=true, browserName=chrome, takesScreenshot=true, javascriptEnabled=true, cssSelectorsEnabled=true}]
Session ID: f8981f314e27fedda1a72f18cd3e957a
	at org.openqa.selenium.remote.ErrorHandler.createThrowable(ErrorHandler.java:206)
	at org.openqa.selenium.remote.ErrorHandler.throwIfResponseFailed(ErrorHandler.java:158)
	at org.openqa.selenium.remote.RemoteWebDriver.execute(RemoteWebDriver.java:647)
	at org.openqa.selenium.remote.RemoteWebElement.execute(RemoteWebElement.java:326)
	at org.openqa.selenium.remote.RemoteWebElement.click(RemoteWebElement.java:84)
	at RegressionSuite.TC32ToTC36.verifyHighLightFlagFilter(TC32ToTC36.java:185)
... Removed 27 stack frames</pre></div><a href='#' onClick='toggleBox("stack-trace1414845278", this, "Click to show all stack frames", "Click to hide stack frames")'>Click to show all stack frames</a>
<div class='stack-trace' id='stack-trace1414845278'><pre>org.openqa.selenium.ElementNotVisibleException: element not visible
  (Session info: chrome=51.0.2704.103)
  (Driver info: chromedriver=2.21.371459 (36d3d07f660ff2bc1bf28a75d1cdabed0983e7c4),platform=Windows NT 6.3 x86_64) (WARNING: The server did not provide any stacktrace information)
Command duration or timeout: 63 milliseconds
Build info: version: &apos;2.48.2&apos;, revision: &apos;41bccdd&apos;, time: &apos;2015-10-09 19:55:52&apos;
System info: host: &apos;H5&apos;, ip: &apos;192.168.100.19&apos;, os.name: &apos;Windows 8.1&apos;, os.arch: &apos;amd64&apos;, os.version: &apos;6.3&apos;, java.version: &apos;1.8.0_66&apos;
Driver info: org.openqa.selenium.chrome.ChromeDriver
Capabilities [{applicationCacheEnabled=false, rotatable=false, mobileEmulationEnabled=false, chrome={chromedriverVersion=2.21.371459 (36d3d07f660ff2bc1bf28a75d1cdabed0983e7c4), userDataDir=C:\Users\Admin\AppData\Local\Temp\scoped_dir8232_32164}, takesHeapSnapshot=true, databaseEnabled=false, handlesAlerts=true, hasTouchScreen=false, version=51.0.2704.103, platform=WIN8_1, browserConnectionEnabled=false, nativeEvents=true, acceptSslCerts=true, locationContextEnabled=true, webStorageEnabled=true, browserName=chrome, takesScreenshot=true, javascriptEnabled=true, cssSelectorsEnabled=true}]
Session ID: f8981f314e27fedda1a72f18cd3e957a
	at sun.reflect.GeneratedConstructorAccessor10.newInstance(Unknown Source)
	at sun.reflect.DelegatingConstructorAccessorImpl.newInstance(Unknown Source)
	at java.lang.reflect.Constructor.newInstance(Unknown Source)
	at org.openqa.selenium.remote.ErrorHandler.createThrowable(ErrorHandler.java:206)
	at org.openqa.selenium.remote.ErrorHandler.throwIfResponseFailed(ErrorHandler.java:158)
	at org.openqa.selenium.remote.RemoteWebDriver.execute(RemoteWebDriver.java:647)
	at org.openqa.selenium.remote.RemoteWebElement.execute(RemoteWebElement.java:326)
	at org.openqa.selenium.remote.RemoteWebElement.click(RemoteWebElement.java:84)
	at RegressionSuite.TC32ToTC36.verifyHighLightFlagFilter(TC32ToTC36.java:185)
	at sun.reflect.NativeMethodAccessorImpl.invoke0(Native Method)
	at sun.reflect.NativeMethodAccessorImpl.invoke(Unknown Source)
	at sun.reflect.DelegatingMethodAccessorImpl.invoke(Unknown Source)
	at java.lang.reflect.Method.invoke(Unknown Source)
	at org.testng.internal.MethodInvocationHelper.invokeMethod(MethodInvocationHelper.java:86)
	at org.testng.internal.Invoker.invokeMethod(Invoker.java:643)
	at org.testng.internal.Invoker.invokeTestMethod(Invoker.java:820)
	at org.testng.internal.Invoker.invokeTestMethods(Invoker.java:1128)
	at org.testng.internal.TestMethodWorker.invokeTestMethods(TestMethodWorker.java:129)
	at org.testng.internal.TestMethodWorker.run(TestMethodWorker.java:112)
	at org.testng.TestRunner.privateRun(TestRunner.java:782)
	at org.testng.TestRunner.run(TestRunner.java:632)
	at org.testng.SuiteRunner.runTest(SuiteRunner.java:366)
	at org.testng.SuiteRunner.runSequentially(SuiteRunner.java:361)
	at org.testng.SuiteRunner.privateRun(SuiteRunner.java:319)
	at org.testng.SuiteRunner.run(SuiteRunner.java:268)
	at org.testng.SuiteRunnerWorker.runSuite(SuiteRunnerWorker.java:52)
	at org.testng.SuiteRunnerWorker.run(SuiteRunnerWorker.java:86)
	at org.testng.TestNG.runSuitesSequentially(TestNG.java:1244)
	at org.testng.TestNG.runSuitesLocally(TestNG.java:1169)
	at org.testng.TestNG.run(TestNG.java:1064)
	at org.testng.remote.RemoteTestNG.run(RemoteTestNG.java:113)
	at org.testng.remote.RemoteTestNG.initAndRun(RemoteTestNG.java:206)
	at org.testng.remote.RemoteTestNG.main(RemoteTestNG.java:177)
</pre></div></td>
<td>109</td>
<td>RegressionSuite.TC32ToTC36@566776ad</td></tr>
<tr>
<td title='RegressionSuite.TC41ToTC44.verifyHighLightFlagFilter()'><b>verifyHighLightFlagFilter</b><br>Test class: RegressionSuite.TC41ToTC44<br>Test method: TC 44: Verify Hightlight Filter on AQUIFLOW </td>
<td><div><pre>org.openqa.selenium.remote.SessionNotFoundException: Session ID is null. Using WebDriver after calling quit()?
Build info: version: &apos;2.48.2&apos;, revision: &apos;41bccdd&apos;, time: &apos;2015-10-09 19:55:52&apos;
System info: host: &apos;H5&apos;, ip: &apos;192.168.100.19&apos;, os.name: &apos;Windows 8.1&apos;, os.arch: &apos;amd64&apos;, os.version: &apos;6.3&apos;, java.version: &apos;1.8.0_66&apos;
Driver info: driver.version: RemoteWebDriver
	at org.openqa.selenium.remote.HttpCommandExecutor.execute(HttpCommandExecutor.java:134)
	at org.openqa.selenium.remote.service.DriverCommandExecutor.execute(DriverCommandExecutor.java:82)
	at org.openqa.selenium.remote.RemoteWebDriver.execute(RemoteWebDriver.java:620)
	at org.openqa.selenium.remote.RemoteWebDriver.findElement(RemoteWebDriver.java:353)
	at org.openqa.selenium.remote.RemoteWebDriver.findElementByXPath(RemoteWebDriver.java:490)
	at org.openqa.selenium.By$ByXPath.findElement(By.java:361)
	at org.openqa.selenium.remote.RemoteWebDriver.findElement(RemoteWebDriver.java:345)
	at RegressionSuite.TC41ToTC44.verifyHighLightFlagFilter(TC41ToTC44.java:296)
... Removed 24 stack frames</pre></div><a href='#' onClick='toggleBox("stack-trace1406919011", this, "Click to show all stack frames", "Click to hide stack frames")'>Click to show all stack frames</a>
<div class='stack-trace' id='stack-trace1406919011'><pre>org.openqa.selenium.remote.SessionNotFoundException: Session ID is null. Using WebDriver after calling quit()?
Build info: version: &apos;2.48.2&apos;, revision: &apos;41bccdd&apos;, time: &apos;2015-10-09 19:55:52&apos;
System info: host: &apos;H5&apos;, ip: &apos;192.168.100.19&apos;, os.name: &apos;Windows 8.1&apos;, os.arch: &apos;amd64&apos;, os.version: &apos;6.3&apos;, java.version: &apos;1.8.0_66&apos;
Driver info: driver.version: RemoteWebDriver
	at org.openqa.selenium.remote.HttpCommandExecutor.execute(HttpCommandExecutor.java:134)
	at org.openqa.selenium.remote.service.DriverCommandExecutor.execute(DriverCommandExecutor.java:82)
	at org.openqa.selenium.remote.RemoteWebDriver.execute(RemoteWebDriver.java:620)
	at org.openqa.selenium.remote.RemoteWebDriver.findElement(RemoteWebDriver.java:353)
	at org.openqa.selenium.remote.RemoteWebDriver.findElementByXPath(RemoteWebDriver.java:490)
	at org.openqa.selenium.By$ByXPath.findElement(By.java:361)
	at org.openqa.selenium.remote.RemoteWebDriver.findElement(RemoteWebDriver.java:345)
	at RegressionSuite.TC41ToTC44.verifyHighLightFlagFilter(TC41ToTC44.java:296)
	at sun.reflect.NativeMethodAccessorImpl.invoke0(Native Method)
	at sun.reflect.NativeMethodAccessorImpl.invoke(Unknown Source)
	at sun.reflect.DelegatingMethodAccessorImpl.invoke(Unknown Source)
	at java.lang.reflect.Method.invoke(Unknown Source)
	at org.testng.internal.MethodInvocationHelper.invokeMethod(MethodInvocationHelper.java:86)
	at org.testng.internal.Invoker.invokeMethod(Invoker.java:643)
	at org.testng.internal.Invoker.invokeTestMethod(Invoker.java:820)
	at org.testng.internal.Invoker.invokeTestMethods(Invoker.java:1128)
	at org.testng.internal.TestMethodWorker.invokeTestMethods(TestMethodWorker.java:129)
	at org.testng.internal.TestMethodWorker.run(TestMethodWorker.java:112)
	at org.testng.TestRunner.privateRun(TestRunner.java:782)
	at org.testng.TestRunner.run(TestRunner.java:632)
	at org.testng.SuiteRunner.runTest(SuiteRunner.java:366)
	at org.testng.SuiteRunner.runSequentially(SuiteRunner.java:361)
	at org.testng.SuiteRunner.privateRun(SuiteRunner.java:319)
	at org.testng.SuiteRunner.run(SuiteRunner.java:268)
	at org.testng.SuiteRunnerWorker.runSuite(SuiteRunnerWorker.java:52)
	at org.testng.SuiteRunnerWorker.run(SuiteRunnerWorker.java:86)
	at org.testng.TestNG.runSuitesSequentially(TestNG.java:1244)
	at org.testng.TestNG.runSuitesLocally(TestNG.java:1169)
	at org.testng.TestNG.run(TestNG.java:1064)
	at org.testng.remote.RemoteTestNG.run(RemoteTestNG.java:113)
	at org.testng.remote.RemoteTestNG.initAndRun(RemoteTestNG.java:206)
	at org.testng.remote.RemoteTestNG.main(RemoteTestNG.java:177)
</pre></div></td>
<td>0</td>
<td>RegressionSuite.TC41ToTC44@1554909b</td></tr>
<tr>
<td title='RegressionSuite.TC14To17.verifyPopoutLink()'><b>verifyPopoutLink</b><br>Test class: RegressionSuite.TC14To17<br>Test method: TC 17: Verify Popout page for Map Findings</td>
<td><div><pre>org.openqa.selenium.ElementNotVisibleException: element not visible
  (Session info: chrome=51.0.2704.103)
  (Driver info: chromedriver=2.21.371459 (36d3d07f660ff2bc1bf28a75d1cdabed0983e7c4),platform=Windows NT 6.3 x86_64) (WARNING: The server did not provide any stacktrace information)
Command duration or timeout: 64 milliseconds
Build info: version: &apos;2.48.2&apos;, revision: &apos;41bccdd&apos;, time: &apos;2015-10-09 19:55:52&apos;
System info: host: &apos;H5&apos;, ip: &apos;192.168.100.19&apos;, os.name: &apos;Windows 8.1&apos;, os.arch: &apos;amd64&apos;, os.version: &apos;6.3&apos;, java.version: &apos;1.8.0_66&apos;
Driver info: org.openqa.selenium.chrome.ChromeDriver
Capabilities [{applicationCacheEnabled=false, rotatable=false, mobileEmulationEnabled=false, chrome={chromedriverVersion=2.21.371459 (36d3d07f660ff2bc1bf28a75d1cdabed0983e7c4), userDataDir=C:\Users\Admin\AppData\Local\Temp\scoped_dir15068_29142}, takesHeapSnapshot=true, databaseEnabled=false, handlesAlerts=true, hasTouchScreen=false, version=51.0.2704.103, platform=WIN8_1, browserConnectionEnabled=false, nativeEvents=true, acceptSslCerts=true, locationContextEnabled=true, webStorageEnabled=true, browserName=chrome, takesScreenshot=true, javascriptEnabled=true, cssSelectorsEnabled=true}]
Session ID: da2a195094fa3c409355d02b44265370
	at org.openqa.selenium.remote.ErrorHandler.createThrowable(ErrorHandler.java:206)
	at org.openqa.selenium.remote.ErrorHandler.throwIfResponseFailed(ErrorHandler.java:158)
	at org.openqa.selenium.remote.RemoteWebDriver.execute(RemoteWebDriver.java:647)
	at org.openqa.selenium.remote.RemoteWebElement.execute(RemoteWebElement.java:326)
	at org.openqa.selenium.remote.RemoteWebElement.click(RemoteWebElement.java:84)
	at RegressionSuite.TC14To17.verifyPopoutLink(TC14To17.java:336)
... Removed 27 stack frames</pre></div><a href='#' onClick='toggleBox("stack-trace2038522556", this, "Click to show all stack frames", "Click to hide stack frames")'>Click to show all stack frames</a>
<div class='stack-trace' id='stack-trace2038522556'><pre>org.openqa.selenium.ElementNotVisibleException: element not visible
  (Session info: chrome=51.0.2704.103)
  (Driver info: chromedriver=2.21.371459 (36d3d07f660ff2bc1bf28a75d1cdabed0983e7c4),platform=Windows NT 6.3 x86_64) (WARNING: The server did not provide any stacktrace information)
Command duration or timeout: 64 milliseconds
Build info: version: &apos;2.48.2&apos;, revision: &apos;41bccdd&apos;, time: &apos;2015-10-09 19:55:52&apos;
System info: host: &apos;H5&apos;, ip: &apos;192.168.100.19&apos;, os.name: &apos;Windows 8.1&apos;, os.arch: &apos;amd64&apos;, os.version: &apos;6.3&apos;, java.version: &apos;1.8.0_66&apos;
Driver info: org.openqa.selenium.chrome.ChromeDriver
Capabilities [{applicationCacheEnabled=false, rotatable=false, mobileEmulationEnabled=false, chrome={chromedriverVersion=2.21.371459 (36d3d07f660ff2bc1bf28a75d1cdabed0983e7c4), userDataDir=C:\Users\Admin\AppData\Local\Temp\scoped_dir15068_29142}, takesHeapSnapshot=true, databaseEnabled=false, handlesAlerts=true, hasTouchScreen=false, version=51.0.2704.103, platform=WIN8_1, browserConnectionEnabled=false, nativeEvents=true, acceptSslCerts=true, locationContextEnabled=true, webStorageEnabled=true, browserName=chrome, takesScreenshot=true, javascriptEnabled=true, cssSelectorsEnabled=true}]
Session ID: da2a195094fa3c409355d02b44265370
	at sun.reflect.GeneratedConstructorAccessor10.newInstance(Unknown Source)
	at sun.reflect.DelegatingConstructorAccessorImpl.newInstance(Unknown Source)
	at java.lang.reflect.Constructor.newInstance(Unknown Source)
	at org.openqa.selenium.remote.ErrorHandler.createThrowable(ErrorHandler.java:206)
	at org.openqa.selenium.remote.ErrorHandler.throwIfResponseFailed(ErrorHandler.java:158)
	at org.openqa.selenium.remote.RemoteWebDriver.execute(RemoteWebDriver.java:647)
	at org.openqa.selenium.remote.RemoteWebElement.execute(RemoteWebElement.java:326)
	at org.openqa.selenium.remote.RemoteWebElement.click(RemoteWebElement.java:84)
	at RegressionSuite.TC14To17.verifyPopoutLink(TC14To17.java:336)
	at sun.reflect.NativeMethodAccessorImpl.invoke0(Native Method)
	at sun.reflect.NativeMethodAccessorImpl.invoke(Unknown Source)
	at sun.reflect.DelegatingMethodAccessorImpl.invoke(Unknown Source)
	at java.lang.reflect.Method.invoke(Unknown Source)
	at org.testng.internal.MethodInvocationHelper.invokeMethod(MethodInvocationHelper.java:86)
	at org.testng.internal.Invoker.invokeMethod(Invoker.java:643)
	at org.testng.internal.Invoker.invokeTestMethod(Invoker.java:820)
	at org.testng.internal.Invoker.invokeTestMethods(Invoker.java:1128)
	at org.testng.internal.TestMethodWorker.invokeTestMethods(TestMethodWorker.java:129)
	at org.testng.internal.TestMethodWorker.run(TestMethodWorker.java:112)
	at org.testng.TestRunner.privateRun(TestRunner.java:782)
	at org.testng.TestRunner.run(TestRunner.java:632)
	at org.testng.SuiteRunner.runTest(SuiteRunner.java:366)
	at org.testng.SuiteRunner.runSequentially(SuiteRunner.java:361)
	at org.testng.SuiteRunner.privateRun(SuiteRunner.java:319)
	at org.testng.SuiteRunner.run(SuiteRunner.java:268)
	at org.testng.SuiteRunnerWorker.runSuite(SuiteRunnerWorker.java:52)
	at org.testng.SuiteRunnerWorker.run(SuiteRunnerWorker.java:86)
	at org.testng.TestNG.runSuitesSequentially(TestNG.java:1244)
	at org.testng.TestNG.runSuitesLocally(TestNG.java:1169)
	at org.testng.TestNG.run(TestNG.java:1064)
	at org.testng.remote.RemoteTestNG.run(RemoteTestNG.java:113)
	at org.testng.remote.RemoteTestNG.initAndRun(RemoteTestNG.java:206)
	at org.testng.remote.RemoteTestNG.main(RemoteTestNG.java:177)
</pre></div></td>
<td>7</td>
<td>RegressionSuite.TC14To17@35f983a6</td></tr>
<tr>
<td title='RegressionSuite.TC27ToTC31.verifyPopoutLink()'><b>verifyPopoutLink</b><br>Test class: RegressionSuite.TC27ToTC31<br>Test method: TC 31: Verify POPOUT link</td>
<td><div><pre>org.openqa.selenium.ElementNotVisibleException: element not visible
  (Session info: chrome=51.0.2704.103)
  (Driver info: chromedriver=2.21.371459 (36d3d07f660ff2bc1bf28a75d1cdabed0983e7c4),platform=Windows NT 6.3 x86_64) (WARNING: The server did not provide any stacktrace information)
Command duration or timeout: 57 milliseconds
Build info: version: &apos;2.48.2&apos;, revision: &apos;41bccdd&apos;, time: &apos;2015-10-09 19:55:52&apos;
System info: host: &apos;H5&apos;, ip: &apos;192.168.100.19&apos;, os.name: &apos;Windows 8.1&apos;, os.arch: &apos;amd64&apos;, os.version: &apos;6.3&apos;, java.version: &apos;1.8.0_66&apos;
Driver info: org.openqa.selenium.chrome.ChromeDriver
Capabilities [{applicationCacheEnabled=false, rotatable=false, mobileEmulationEnabled=false, chrome={chromedriverVersion=2.21.371459 (36d3d07f660ff2bc1bf28a75d1cdabed0983e7c4), userDataDir=C:\Users\Admin\AppData\Local\Temp\scoped_dir18864_14347}, takesHeapSnapshot=true, databaseEnabled=false, handlesAlerts=true, hasTouchScreen=false, version=51.0.2704.103, platform=WIN8_1, browserConnectionEnabled=false, nativeEvents=true, acceptSslCerts=true, locationContextEnabled=true, webStorageEnabled=true, browserName=chrome, takesScreenshot=true, javascriptEnabled=true, cssSelectorsEnabled=true}]
Session ID: 2cc441d155d9edc2d18e84f409f498a9
	at org.openqa.selenium.remote.ErrorHandler.createThrowable(ErrorHandler.java:206)
	at org.openqa.selenium.remote.ErrorHandler.throwIfResponseFailed(ErrorHandler.java:158)
	at org.openqa.selenium.remote.RemoteWebDriver.execute(RemoteWebDriver.java:647)
	at org.openqa.selenium.remote.RemoteWebElement.execute(RemoteWebElement.java:326)
	at org.openqa.selenium.remote.RemoteWebElement.click(RemoteWebElement.java:84)
	at RegressionSuite.TC27ToTC31.verifyPopoutLink(TC27ToTC31.java:396)
... Removed 27 stack frames</pre></div><a href='#' onClick='toggleBox("stack-trace1548081008", this, "Click to show all stack frames", "Click to hide stack frames")'>Click to show all stack frames</a>
<div class='stack-trace' id='stack-trace1548081008'><pre>org.openqa.selenium.ElementNotVisibleException: element not visible
  (Session info: chrome=51.0.2704.103)
  (Driver info: chromedriver=2.21.371459 (36d3d07f660ff2bc1bf28a75d1cdabed0983e7c4),platform=Windows NT 6.3 x86_64) (WARNING: The server did not provide any stacktrace information)
Command duration or timeout: 57 milliseconds
Build info: version: &apos;2.48.2&apos;, revision: &apos;41bccdd&apos;, time: &apos;2015-10-09 19:55:52&apos;
System info: host: &apos;H5&apos;, ip: &apos;192.168.100.19&apos;, os.name: &apos;Windows 8.1&apos;, os.arch: &apos;amd64&apos;, os.version: &apos;6.3&apos;, java.version: &apos;1.8.0_66&apos;
Driver info: org.openqa.selenium.chrome.ChromeDriver
Capabilities [{applicationCacheEnabled=false, rotatable=false, mobileEmulationEnabled=false, chrome={chromedriverVersion=2.21.371459 (36d3d07f660ff2bc1bf28a75d1cdabed0983e7c4), userDataDir=C:\Users\Admin\AppData\Local\Temp\scoped_dir18864_14347}, takesHeapSnapshot=true, databaseEnabled=false, handlesAlerts=true, hasTouchScreen=false, version=51.0.2704.103, platform=WIN8_1, browserConnectionEnabled=false, nativeEvents=true, acceptSslCerts=true, locationContextEnabled=true, webStorageEnabled=true, browserName=chrome, takesScreenshot=true, javascriptEnabled=true, cssSelectorsEnabled=true}]
Session ID: 2cc441d155d9edc2d18e84f409f498a9
	at sun.reflect.GeneratedConstructorAccessor10.newInstance(Unknown Source)
	at sun.reflect.DelegatingConstructorAccessorImpl.newInstance(Unknown Source)
	at java.lang.reflect.Constructor.newInstance(Unknown Source)
	at org.openqa.selenium.remote.ErrorHandler.createThrowable(ErrorHandler.java:206)
	at org.openqa.selenium.remote.ErrorHandler.throwIfResponseFailed(ErrorHandler.java:158)
	at org.openqa.selenium.remote.RemoteWebDriver.execute(RemoteWebDriver.java:647)
	at org.openqa.selenium.remote.RemoteWebElement.execute(RemoteWebElement.java:326)
	at org.openqa.selenium.remote.RemoteWebElement.click(RemoteWebElement.java:84)
	at RegressionSuite.TC27ToTC31.verifyPopoutLink(TC27ToTC31.java:396)
	at sun.reflect.NativeMethodAccessorImpl.invoke0(Native Method)
	at sun.reflect.NativeMethodAccessorImpl.invoke(Unknown Source)
	at sun.reflect.DelegatingMethodAccessorImpl.invoke(Unknown Source)
	at java.lang.reflect.Method.invoke(Unknown Source)
	at org.testng.internal.MethodInvocationHelper.invokeMethod(MethodInvocationHelper.java:86)
	at org.testng.internal.Invoker.invokeMethod(Invoker.java:643)
	at org.testng.internal.Invoker.invokeTestMethod(Invoker.java:820)
	at org.testng.internal.Invoker.invokeTestMethods(Invoker.java:1128)
	at org.testng.internal.TestMethodWorker.invokeTestMethods(TestMethodWorker.java:129)
	at org.testng.internal.TestMethodWorker.run(TestMethodWorker.java:112)
	at org.testng.TestRunner.privateRun(TestRunner.java:782)
	at org.testng.TestRunner.run(TestRunner.java:632)
	at org.testng.SuiteRunner.runTest(SuiteRunner.java:366)
	at org.testng.SuiteRunner.runSequentially(SuiteRunner.java:361)
	at org.testng.SuiteRunner.privateRun(SuiteRunner.java:319)
	at org.testng.SuiteRunner.run(SuiteRunner.java:268)
	at org.testng.SuiteRunnerWorker.runSuite(SuiteRunnerWorker.java:52)
	at org.testng.SuiteRunnerWorker.run(SuiteRunnerWorker.java:86)
	at org.testng.TestNG.runSuitesSequentially(TestNG.java:1244)
	at org.testng.TestNG.runSuitesLocally(TestNG.java:1169)
	at org.testng.TestNG.run(TestNG.java:1064)
	at org.testng.remote.RemoteTestNG.run(RemoteTestNG.java:113)
	at org.testng.remote.RemoteTestNG.initAndRun(RemoteTestNG.java:206)
	at org.testng.remote.RemoteTestNG.main(RemoteTestNG.java:177)
</pre></div></td>
<td>7</td>
<td>RegressionSuite.TC27ToTC31@2f7a2457</td></tr>
<tr>
<td title='RegressionSuite.TC14To17.verifySlideOut()'><b>verifySlideOut</b><br>Test class: RegressionSuite.TC14To17<br>Test method: TC 14: Verify Slideout Panel for MAP FINDINGS</td>
<td><div><pre>org.openqa.selenium.ElementNotVisibleException: element not visible
  (Session info: chrome=51.0.2704.103)
  (Driver info: chromedriver=2.21.371459 (36d3d07f660ff2bc1bf28a75d1cdabed0983e7c4),platform=Windows NT 6.3 x86_64) (WARNING: The server did not provide any stacktrace information)
Command duration or timeout: 66 milliseconds
Build info: version: &apos;2.48.2&apos;, revision: &apos;41bccdd&apos;, time: &apos;2015-10-09 19:55:52&apos;
System info: host: &apos;H5&apos;, ip: &apos;192.168.100.19&apos;, os.name: &apos;Windows 8.1&apos;, os.arch: &apos;amd64&apos;, os.version: &apos;6.3&apos;, java.version: &apos;1.8.0_66&apos;
Driver info: org.openqa.selenium.chrome.ChromeDriver
Capabilities [{applicationCacheEnabled=false, rotatable=false, mobileEmulationEnabled=false, chrome={chromedriverVersion=2.21.371459 (36d3d07f660ff2bc1bf28a75d1cdabed0983e7c4), userDataDir=C:\Users\Admin\AppData\Local\Temp\scoped_dir15068_29142}, takesHeapSnapshot=true, databaseEnabled=false, handlesAlerts=true, hasTouchScreen=false, version=51.0.2704.103, platform=WIN8_1, browserConnectionEnabled=false, nativeEvents=true, acceptSslCerts=true, locationContextEnabled=true, webStorageEnabled=true, browserName=chrome, takesScreenshot=true, javascriptEnabled=true, cssSelectorsEnabled=true}]
Session ID: da2a195094fa3c409355d02b44265370
	at org.openqa.selenium.remote.ErrorHandler.createThrowable(ErrorHandler.java:206)
	at org.openqa.selenium.remote.ErrorHandler.throwIfResponseFailed(ErrorHandler.java:158)
	at org.openqa.selenium.remote.RemoteWebDriver.execute(RemoteWebDriver.java:647)
	at org.openqa.selenium.remote.RemoteWebElement.execute(RemoteWebElement.java:326)
	at org.openqa.selenium.remote.RemoteWebElement.click(RemoteWebElement.java:84)
	at RegressionSuite.TC14To17.verifySlideOut(TC14To17.java:68)
... Removed 27 stack frames</pre></div><a href='#' onClick='toggleBox("stack-trace1197251633", this, "Click to show all stack frames", "Click to hide stack frames")'>Click to show all stack frames</a>
<div class='stack-trace' id='stack-trace1197251633'><pre>org.openqa.selenium.ElementNotVisibleException: element not visible
  (Session info: chrome=51.0.2704.103)
  (Driver info: chromedriver=2.21.371459 (36d3d07f660ff2bc1bf28a75d1cdabed0983e7c4),platform=Windows NT 6.3 x86_64) (WARNING: The server did not provide any stacktrace information)
Command duration or timeout: 66 milliseconds
Build info: version: &apos;2.48.2&apos;, revision: &apos;41bccdd&apos;, time: &apos;2015-10-09 19:55:52&apos;
System info: host: &apos;H5&apos;, ip: &apos;192.168.100.19&apos;, os.name: &apos;Windows 8.1&apos;, os.arch: &apos;amd64&apos;, os.version: &apos;6.3&apos;, java.version: &apos;1.8.0_66&apos;
Driver info: org.openqa.selenium.chrome.ChromeDriver
Capabilities [{applicationCacheEnabled=false, rotatable=false, mobileEmulationEnabled=false, chrome={chromedriverVersion=2.21.371459 (36d3d07f660ff2bc1bf28a75d1cdabed0983e7c4), userDataDir=C:\Users\Admin\AppData\Local\Temp\scoped_dir15068_29142}, takesHeapSnapshot=true, databaseEnabled=false, handlesAlerts=true, hasTouchScreen=false, version=51.0.2704.103, platform=WIN8_1, browserConnectionEnabled=false, nativeEvents=true, acceptSslCerts=true, locationContextEnabled=true, webStorageEnabled=true, browserName=chrome, takesScreenshot=true, javascriptEnabled=true, cssSelectorsEnabled=true}]
Session ID: da2a195094fa3c409355d02b44265370
	at sun.reflect.GeneratedConstructorAccessor10.newInstance(Unknown Source)
	at sun.reflect.DelegatingConstructorAccessorImpl.newInstance(Unknown Source)
	at java.lang.reflect.Constructor.newInstance(Unknown Source)
	at org.openqa.selenium.remote.ErrorHandler.createThrowable(ErrorHandler.java:206)
	at org.openqa.selenium.remote.ErrorHandler.throwIfResponseFailed(ErrorHandler.java:158)
	at org.openqa.selenium.remote.RemoteWebDriver.execute(RemoteWebDriver.java:647)
	at org.openqa.selenium.remote.RemoteWebElement.execute(RemoteWebElement.java:326)
	at org.openqa.selenium.remote.RemoteWebElement.click(RemoteWebElement.java:84)
	at RegressionSuite.TC14To17.verifySlideOut(TC14To17.java:68)
	at sun.reflect.NativeMethodAccessorImpl.invoke0(Native Method)
	at sun.reflect.NativeMethodAccessorImpl.invoke(Unknown Source)
	at sun.reflect.DelegatingMethodAccessorImpl.invoke(Unknown Source)
	at java.lang.reflect.Method.invoke(Unknown Source)
	at org.testng.internal.MethodInvocationHelper.invokeMethod(MethodInvocationHelper.java:86)
	at org.testng.internal.Invoker.invokeMethod(Invoker.java:643)
	at org.testng.internal.Invoker.invokeTestMethod(Invoker.java:820)
	at org.testng.internal.Invoker.invokeTestMethods(Invoker.java:1128)
	at org.testng.internal.TestMethodWorker.invokeTestMethods(TestMethodWorker.java:129)
	at org.testng.internal.TestMethodWorker.run(TestMethodWorker.java:112)
	at org.testng.TestRunner.privateRun(TestRunner.java:782)
	at org.testng.TestRunner.run(TestRunner.java:632)
	at org.testng.SuiteRunner.runTest(SuiteRunner.java:366)
	at org.testng.SuiteRunner.runSequentially(SuiteRunner.java:361)
	at org.testng.SuiteRunner.privateRun(SuiteRunner.java:319)
	at org.testng.SuiteRunner.run(SuiteRunner.java:268)
	at org.testng.SuiteRunnerWorker.runSuite(SuiteRunnerWorker.java:52)
	at org.testng.SuiteRunnerWorker.run(SuiteRunnerWorker.java:86)
	at org.testng.TestNG.runSuitesSequentially(TestNG.java:1244)
	at org.testng.TestNG.runSuitesLocally(TestNG.java:1169)
	at org.testng.TestNG.run(TestNG.java:1064)
	at org.testng.remote.RemoteTestNG.run(RemoteTestNG.java:113)
	at org.testng.remote.RemoteTestNG.initAndRun(RemoteTestNG.java:206)
	at org.testng.remote.RemoteTestNG.main(RemoteTestNG.java:177)
</pre></div></td>
<td>60</td>
<td>RegressionSuite.TC14To17@35f983a6</td></tr>
<tr>
<td title='RegressionSuite.TC27ToTC31.verifySlideOut()'><b>verifySlideOut</b><br>Test class: RegressionSuite.TC27ToTC31<br>Test method: TC 30: Verify Slideout panel for OIL & GAS WELLS</td>
<td><div><pre>org.openqa.selenium.ElementNotVisibleException: element not visible
  (Session info: chrome=51.0.2704.103)
  (Driver info: chromedriver=2.21.371459 (36d3d07f660ff2bc1bf28a75d1cdabed0983e7c4),platform=Windows NT 6.3 x86_64) (WARNING: The server did not provide any stacktrace information)
Command duration or timeout: 68 milliseconds
Build info: version: &apos;2.48.2&apos;, revision: &apos;41bccdd&apos;, time: &apos;2015-10-09 19:55:52&apos;
System info: host: &apos;H5&apos;, ip: &apos;192.168.100.19&apos;, os.name: &apos;Windows 8.1&apos;, os.arch: &apos;amd64&apos;, os.version: &apos;6.3&apos;, java.version: &apos;1.8.0_66&apos;
Driver info: org.openqa.selenium.chrome.ChromeDriver
Capabilities [{applicationCacheEnabled=false, rotatable=false, mobileEmulationEnabled=false, chrome={chromedriverVersion=2.21.371459 (36d3d07f660ff2bc1bf28a75d1cdabed0983e7c4), userDataDir=C:\Users\Admin\AppData\Local\Temp\scoped_dir18864_14347}, takesHeapSnapshot=true, databaseEnabled=false, handlesAlerts=true, hasTouchScreen=false, version=51.0.2704.103, platform=WIN8_1, browserConnectionEnabled=false, nativeEvents=true, acceptSslCerts=true, locationContextEnabled=true, webStorageEnabled=true, browserName=chrome, takesScreenshot=true, javascriptEnabled=true, cssSelectorsEnabled=true}]
Session ID: 2cc441d155d9edc2d18e84f409f498a9
	at org.openqa.selenium.remote.ErrorHandler.createThrowable(ErrorHandler.java:206)
	at org.openqa.selenium.remote.ErrorHandler.throwIfResponseFailed(ErrorHandler.java:158)
	at org.openqa.selenium.remote.RemoteWebDriver.execute(RemoteWebDriver.java:647)
	at org.openqa.selenium.remote.RemoteWebElement.execute(RemoteWebElement.java:326)
	at org.openqa.selenium.remote.RemoteWebElement.click(RemoteWebElement.java:84)
	at RegressionSuite.TC27ToTC31.verifySlideOut(TC27ToTC31.java:341)
... Removed 27 stack frames</pre></div><a href='#' onClick='toggleBox("stack-trace2115628016", this, "Click to show all stack frames", "Click to hide stack frames")'>Click to show all stack frames</a>
<div class='stack-trace' id='stack-trace2115628016'><pre>org.openqa.selenium.ElementNotVisibleException: element not visible
  (Session info: chrome=51.0.2704.103)
  (Driver info: chromedriver=2.21.371459 (36d3d07f660ff2bc1bf28a75d1cdabed0983e7c4),platform=Windows NT 6.3 x86_64) (WARNING: The server did not provide any stacktrace information)
Command duration or timeout: 68 milliseconds
Build info: version: &apos;2.48.2&apos;, revision: &apos;41bccdd&apos;, time: &apos;2015-10-09 19:55:52&apos;
System info: host: &apos;H5&apos;, ip: &apos;192.168.100.19&apos;, os.name: &apos;Windows 8.1&apos;, os.arch: &apos;amd64&apos;, os.version: &apos;6.3&apos;, java.version: &apos;1.8.0_66&apos;
Driver info: org.openqa.selenium.chrome.ChromeDriver
Capabilities [{applicationCacheEnabled=false, rotatable=false, mobileEmulationEnabled=false, chrome={chromedriverVersion=2.21.371459 (36d3d07f660ff2bc1bf28a75d1cdabed0983e7c4), userDataDir=C:\Users\Admin\AppData\Local\Temp\scoped_dir18864_14347}, takesHeapSnapshot=true, databaseEnabled=false, handlesAlerts=true, hasTouchScreen=false, version=51.0.2704.103, platform=WIN8_1, browserConnectionEnabled=false, nativeEvents=true, acceptSslCerts=true, locationContextEnabled=true, webStorageEnabled=true, browserName=chrome, takesScreenshot=true, javascriptEnabled=true, cssSelectorsEnabled=true}]
Session ID: 2cc441d155d9edc2d18e84f409f498a9
	at sun.reflect.GeneratedConstructorAccessor10.newInstance(Unknown Source)
	at sun.reflect.DelegatingConstructorAccessorImpl.newInstance(Unknown Source)
	at java.lang.reflect.Constructor.newInstance(Unknown Source)
	at org.openqa.selenium.remote.ErrorHandler.createThrowable(ErrorHandler.java:206)
	at org.openqa.selenium.remote.ErrorHandler.throwIfResponseFailed(ErrorHandler.java:158)
	at org.openqa.selenium.remote.RemoteWebDriver.execute(RemoteWebDriver.java:647)
	at org.openqa.selenium.remote.RemoteWebElement.execute(RemoteWebElement.java:326)
	at org.openqa.selenium.remote.RemoteWebElement.click(RemoteWebElement.java:84)
	at RegressionSuite.TC27ToTC31.verifySlideOut(TC27ToTC31.java:341)
	at sun.reflect.NativeMethodAccessorImpl.invoke0(Native Method)
	at sun.reflect.NativeMethodAccessorImpl.invoke(Unknown Source)
	at sun.reflect.DelegatingMethodAccessorImpl.invoke(Unknown Source)
	at java.lang.reflect.Method.invoke(Unknown Source)
	at org.testng.internal.MethodInvocationHelper.invokeMethod(MethodInvocationHelper.java:86)
	at org.testng.internal.Invoker.invokeMethod(Invoker.java:643)
	at org.testng.internal.Invoker.invokeTestMethod(Invoker.java:820)
	at org.testng.internal.Invoker.invokeTestMethods(Invoker.java:1128)
	at org.testng.internal.TestMethodWorker.invokeTestMethods(TestMethodWorker.java:129)
	at org.testng.internal.TestMethodWorker.run(TestMethodWorker.java:112)
	at org.testng.TestRunner.privateRun(TestRunner.java:782)
	at org.testng.TestRunner.run(TestRunner.java:632)
	at org.testng.SuiteRunner.runTest(SuiteRunner.java:366)
	at org.testng.SuiteRunner.runSequentially(SuiteRunner.java:361)
	at org.testng.SuiteRunner.privateRun(SuiteRunner.java:319)
	at org.testng.SuiteRunner.run(SuiteRunner.java:268)
	at org.testng.SuiteRunnerWorker.runSuite(SuiteRunnerWorker.java:52)
	at org.testng.SuiteRunnerWorker.run(SuiteRunnerWorker.java:86)
	at org.testng.TestNG.runSuitesSequentially(TestNG.java:1244)
	at org.testng.TestNG.runSuitesLocally(TestNG.java:1169)
	at org.testng.TestNG.run(TestNG.java:1064)
	at org.testng.remote.RemoteTestNG.run(RemoteTestNG.java:113)
	at org.testng.remote.RemoteTestNG.initAndRun(RemoteTestNG.java:206)
	at org.testng.remote.RemoteTestNG.main(RemoteTestNG.java:177)
</pre></div></td>
<td>25</td>
<td>RegressionSuite.TC27ToTC31@2f7a2457</td></tr>
</table><p>
<table width='100%' border='1' class='invocation-passed'>
<tr><td colspan='4' align='center'><b>PASSED TESTS</b></td></tr>
<tr><td><b>Test method</b></td>
<td width="30%"><b>Exception</b></td>
<td width="10%"><b>Time (seconds)</b></td>
<td><b>Instance</b></td>
</tr>
<tr>
<td title='RegressionSuite.TC10.CloseWindow()'><b>CloseWindow</b><br>Test class: RegressionSuite.TC10<br>Test method: TC: Close lbx url</td>
<td></td>
<td>0</td>
<td>RegressionSuite.TC10@67b64c45</td></tr>
<tr>
<td title='RegressionSuite.TC11.CloseWindow()'><b>CloseWindow</b><br>Test class: RegressionSuite.TC11<br>Test method: TC: Close lbx url</td>
<td></td>
<td>0</td>
<td>RegressionSuite.TC11@4411d970</td></tr>
<tr>
<td title='RegressionSuite.TC12.CloseWindow()'><b>CloseWindow</b><br>Test class: RegressionSuite.TC12<br>Test method: TC: Close lbx url</td>
<td></td>
<td>1</td>
<td>RegressionSuite.TC12@6442b0a6</td></tr>
<tr>
<td title='RegressionSuite.TC13.CloseWindow()'><b>CloseWindow</b><br>Test class: RegressionSuite.TC13<br>Test method: TC :Close lbx url</td>
<td></td>
<td>1</td>
<td>RegressionSuite.TC13@60f82f98</td></tr>
<tr>
<td title='RegressionSuite.TC14To17.CloseWindow()'><b>CloseWindow</b><br>Test class: RegressionSuite.TC14To17<br>Test method: TC :Close lbx url</td>
<td></td>
<td>1</td>
<td>RegressionSuite.TC14To17@35f983a6</td></tr>
<tr>
<td title='RegressionSuite.TC18ToTC22.CloseWindow()'><b>CloseWindow</b><br>Test class: RegressionSuite.TC18ToTC22<br>Test method: TC :Close lbx url</td>
<td></td>
<td>0</td>
<td>RegressionSuite.TC18ToTC22@7f690630</td></tr>
<tr>
<td title='RegressionSuite.TC23ToTC26.CloseWindow()'><b>CloseWindow</b><br>Test class: RegressionSuite.TC23ToTC26<br>Test method: TC :Close lbx url</td>
<td></td>
<td>0</td>
<td>RegressionSuite.TC23ToTC26@edf4efb</td></tr>
<tr>
<td title='RegressionSuite.TC27ToTC31.CloseWindow()'><b>CloseWindow</b><br>Test class: RegressionSuite.TC27ToTC31<br>Test method: TC :Close lbx url</td>
<td></td>
<td>0</td>
<td>RegressionSuite.TC27ToTC31@2f7a2457</td></tr>
<tr>
<td title='RegressionSuite.TC32ToTC36.CloseWindow()'><b>CloseWindow</b><br>Test class: RegressionSuite.TC32ToTC36<br>Test method: TC : Close lbx url</td>
<td></td>
<td>1</td>
<td>RegressionSuite.TC32ToTC36@566776ad</td></tr>
<tr>
<td title='RegressionSuite.TC37ToTC40.CloseWindow()'><b>CloseWindow</b><br>Test class: RegressionSuite.TC37ToTC40<br>Test method: TC : Close lbx url</td>
<td></td>
<td>1</td>
<td>RegressionSuite.TC37ToTC40@6108b2d7</td></tr>
<tr>
<td title='RegressionSuite.TC45.CloseWindow()'><b>CloseWindow</b><br>Test class: RegressionSuite.TC45<br>Test method: TC: Close lbx url </td>
<td></td>
<td>0</td>
<td>RegressionSuite.TC45@6bf256fa</td></tr>
<tr>
<td title='RegressionSuite.TC46.CloseWindow()'><b>CloseWindow</b><br>Test class: RegressionSuite.TC46<br>Test method: TC : Close lbx url</td>
<td></td>
<td>0</td>
<td>RegressionSuite.TC46@6cd8737</td></tr>
<tr>
<td title='RegressionSuite.TC47.CloseWindow()'><b>CloseWindow</b><br>Test class: RegressionSuite.TC47<br>Test method: TC : Close lbx url</td>
<td></td>
<td>0</td>
<td>RegressionSuite.TC47@22f71333</td></tr>
<tr>
<td title='RegressionSuite.TC48.CloseWindow()'><b>CloseWindow</b><br>Test class: RegressionSuite.TC48<br>Test method: TC : Close lbx url</td>
<td></td>
<td>0</td>
<td>RegressionSuite.TC48@13969fbe</td></tr>
<tr>
<td title='RegressionSuite.TC49ToTC56.CloseWindow()'><b>CloseWindow</b><br>Test class: RegressionSuite.TC49ToTC56<br>Test method: TC : Close lbx url</td>
<td></td>
<td>1</td>
<td>RegressionSuite.TC49ToTC56@6aaa5eb0</td></tr>
<tr>
<td title='RegressionSuite.TC01ToTC04.beforeTest()'><b>beforeTest</b><br>Test class: RegressionSuite.TC01ToTC04<br>Test method: TC: Load lightbox URL </td>
<td></td>
<td>47</td>
<td>RegressionSuite.TC01ToTC04@2812cbfa</td></tr>
<tr>
<td title='RegressionSuite.TC11.beforeTest()'><b>beforeTest</b><br>Test class: RegressionSuite.TC11<br>Test method: TC: Load lightbox URL </td>
<td></td>
<td>125</td>
<td>RegressionSuite.TC11@4411d970</td></tr>
<tr>
<td title='RegressionSuite.TC12.beforeTest()'><b>beforeTest</b><br>Test class: RegressionSuite.TC12<br>Test method: TC: Load lightbox URL </td>
<td></td>
<td>45</td>
<td>RegressionSuite.TC12@6442b0a6</td></tr>
<tr>
<td title='RegressionSuite.TC14To17.beforeTest()'><b>beforeTest</b><br>Test class: RegressionSuite.TC14To17<br>Test method: TC: Load lightbox URL </td>
<td></td>
<td>51</td>
<td>RegressionSuite.TC14To17@35f983a6</td></tr>
<tr>
<td title='RegressionSuite.TC18ToTC22.beforeTest()'><b>beforeTest</b><br>Test class: RegressionSuite.TC18ToTC22<br>Test method: TC: Load lightbox URL </td>
<td></td>
<td>57</td>
<td>RegressionSuite.TC18ToTC22@7f690630</td></tr>
<tr>
<td title='RegressionSuite.TC23ToTC26.beforeTest()'><b>beforeTest</b><br>Test class: RegressionSuite.TC23ToTC26<br>Test method: TC: Load lightbox URL </td>
<td></td>
<td>70</td>
<td>RegressionSuite.TC23ToTC26@edf4efb</td></tr>
<tr>
<td title='RegressionSuite.TC27ToTC31.beforeTest()'><b>beforeTest</b><br>Test class: RegressionSuite.TC27ToTC31<br>Test method: TC: Load lightbox URL </td>
<td></td>
<td>77</td>
<td>RegressionSuite.TC27ToTC31@2f7a2457</td></tr>
<tr>
<td title='RegressionSuite.TC32ToTC36.beforeTest()'><b>beforeTest</b><br>Test class: RegressionSuite.TC32ToTC36<br>Test method: TC: Load lightbox URL </td>
<td></td>
<td>83</td>
<td>RegressionSuite.TC32ToTC36@566776ad</td></tr>
<tr>
<td title='RegressionSuite.TC37ToTC40.beforeTest()'><b>beforeTest</b><br>Test class: RegressionSuite.TC37ToTC40<br>Test method: TC: Load lightbox URL </td>
<td></td>
<td>50</td>
<td>RegressionSuite.TC37ToTC40@6108b2d7</td></tr>
<tr>
<td title='RegressionSuite.TC41ToTC44.beforeTest()'><b>beforeTest</b><br>Test class: RegressionSuite.TC41ToTC44<br>Test method: TC: Load lightbox URL </td>
<td></td>
<td>79</td>
<td>RegressionSuite.TC41ToTC44@1554909b</td></tr>
<tr>
<td title='RegressionSuite.TC45.beforeTest()'><b>beforeTest</b><br>Test class: RegressionSuite.TC45<br>Test method: TC: Load lightbox URL </td>
<td></td>
<td>85</td>
<td>RegressionSuite.TC45@6bf256fa</td></tr>
<tr>
<td title='RegressionSuite.TC46.beforeTest()'><b>beforeTest</b><br>Test class: RegressionSuite.TC46<br>Test method: TC: Load lightbox URL</td>
<td></td>
<td>71</td>
<td>RegressionSuite.TC46@6cd8737</td></tr>
<tr>
<td title='RegressionSuite.TC47.beforeTest()'><b>beforeTest</b><br>Test class: RegressionSuite.TC47<br>Test method: TC: Load lightbox URL</td>
<td></td>
<td>61</td>
<td>RegressionSuite.TC47@22f71333</td></tr>
<tr>
<td title='RegressionSuite.TC48.beforeTest()'><b>beforeTest</b><br>Test class: RegressionSuite.TC48<br>Test method: TC : Loading lbx url</td>
<td></td>
<td>50</td>
<td>RegressionSuite.TC48@13969fbe</td></tr>
<tr>
<td title='RegressionSuite.TC49ToTC56.beforeTest()'><b>beforeTest</b><br>Test class: RegressionSuite.TC49ToTC56<br>Test method: TC : Close lbx url</td>
<td></td>
<td>49</td>
<td>RegressionSuite.TC49ToTC56@6aaa5eb0</td></tr>
<tr>
<td title='RegressionSuite.TC05.listViewExpandCollapse()'><b>listViewExpandCollapse</b><br>Test class: RegressionSuite.TC05<br>Test method: TC 05: Verify HIDE/SHOW list view functionality</td>
<td></td>
<td>48</td>
<td>RegressionSuite.TC05@96532d6</td></tr>
<tr>
<td title='RegressionSuite.TC12.verifyAddRemoveColumnFilter()'><b>verifyAddRemoveColumnFilter</b><br>Test class: RegressionSuite.TC12<br>Test method: TC 12: Verify Add/Remove List Columns</td>
<td></td>
<td>89</td>
<td>RegressionSuite.TC12@6442b0a6</td></tr>
<tr>
<td title='RegressionSuite.TC45.verifyAddRemoveColumnFilter()'><b>verifyAddRemoveColumnFilter</b><br>Test class: RegressionSuite.TC45<br>Test method: TC 45: Verify Filter Dependency between SUMMARY and MAP FINDINGS DB filter </td>
<td></td>
<td>60</td>
<td>RegressionSuite.TC45@6bf256fa</td></tr>
<tr>
<td title='RegressionSuite.TC46.verifyAddRemoveColumnFilter()'><b>verifyAddRemoveColumnFilter</b><br>Test class: RegressionSuite.TC46<br>Test method: TC 46: Verify Drawing Tool</td>
<td></td>
<td>27</td>
<td>RegressionSuite.TC46@6cd8737</td></tr>
<tr>
<td title='RegressionSuite.TC01ToTC04.verifyBASEMAP()'><b>verifyBASEMAP</b><br>Test class: RegressionSuite.TC01ToTC04<br>Test method: TC 04: Verify BASE MAP Tab</td>
<td></td>
<td>35</td>
<td>RegressionSuite.TC01ToTC04@2812cbfa</td></tr>
<tr>
<td title='RegressionSuite.TC18ToTC22.verifyColumnAdjustmentFeature()'><b>verifyColumnAdjustmentFeature</b><br>Test class: RegressionSuite.TC18ToTC22<br>Test method: TC 20: Verify Add/Remove Column Feature</td>
<td></td>
<td>77</td>
<td>RegressionSuite.TC18ToTC22@7f690630</td></tr>
<tr>
<td title='RegressionSuite.TC37ToTC40.verifyDistDirLink()'><b>verifyDistDirLink</b><br>Test class: RegressionSuite.TC37ToTC40<br>Test method: TC 40: Verify DIST/DIR link on Slideout </td>
<td></td>
<td>23</td>
<td>RegressionSuite.TC37ToTC40@6108b2d7</td></tr>
<tr>
<td title='RegressionSuite.TC06ToTC09.verifyFINDINGSTab()'><b>verifyFINDINGSTab</b><br>Test class: RegressionSuite.TC06ToTC09<br>Test method: TC 07: Verify FINDINGS Tab</td>
<td></td>
<td>21</td>
<td>RegressionSuite.TC06ToTC09@3796751b</td></tr>
<tr>
<td title='RegressionSuite.TC13.verifyFilters()'><b>verifyFilters</b><br>Test class: RegressionSuite.TC13<br>Test method: TC 13: Verify Filter on Dist Column</td>
<td></td>
<td>115</td>
<td>RegressionSuite.TC13@60f82f98</td></tr>
<tr>
<td title='RegressionSuite.TC32ToTC36.verifyFilters()'><b>verifyFilters</b><br>Test class: RegressionSuite.TC32ToTC36<br>Test method: TC 32: Verify SOIL DATA Tab</td>
<td></td>
<td>34</td>
<td>RegressionSuite.TC32ToTC36@566776ad</td></tr>
<tr>
<td title='RegressionSuite.TC01ToTC04.verifyHISTORICALTab()'><b>verifyHISTORICALTab</b><br>Test class: RegressionSuite.TC01ToTC04<br>Test method: TC 01: Verify Historical Tab</td>
<td></td>
<td>27</td>
<td>RegressionSuite.TC01ToTC04@2812cbfa</td></tr>
<tr>
<td title='RegressionSuite.TC11.verifyHighLightFlagFilter()'><b>verifyHighLightFlagFilter</b><br>Test class: RegressionSuite.TC11<br>Test method: TC 11: Verify Highlight flag filter for MAP  FINDINGS</td>
<td></td>
<td>100</td>
<td>RegressionSuite.TC11@4411d970</td></tr>
<tr>
<td title='RegressionSuite.TC23ToTC26.verifyHighLightFlagFilter()'><b>verifyHighLightFlagFilter</b><br>Test class: RegressionSuite.TC23ToTC26<br>Test method: TC 24: Verify Highlight Filter on WATER WELLS</td>
<td></td>
<td>111</td>
<td>RegressionSuite.TC23ToTC26@edf4efb</td></tr>
<tr>
<td title='RegressionSuite.TC27ToTC31.verifyHighLightFlagFilter()'><b>verifyHighLightFlagFilter</b><br>Test class: RegressionSuite.TC27ToTC31<br>Test method: TC 28: Verify Highlight filter on OIL & GAS WELLS</td>
<td></td>
<td>100</td>
<td>RegressionSuite.TC27ToTC31@2f7a2457</td></tr>
<tr>
<td title='RegressionSuite.TC37ToTC40.verifyHighLightFlagFilter()'><b>verifyHighLightFlagFilter</b><br>Test class: RegressionSuite.TC37ToTC40<br>Test method: TC 38: Verify Hightlight Filter on OTHER </td>
<td></td>
<td>96</td>
<td>RegressionSuite.TC37ToTC40@6108b2d7</td></tr>
<tr>
<td title='RegressionSuite.TC18ToTC22.verifyHighlightFilter()'><b>verifyHighlightFilter</b><br>Test class: RegressionSuite.TC18ToTC22<br>Test method: TC 21: Verify Slideout Panel for ORPHANS</td>
<td></td>
<td>111</td>
<td>RegressionSuite.TC18ToTC22@7f690630</td></tr>
<tr>
<td title='RegressionSuite.TC49ToTC56.verifyImagery1()'><b>verifyImagery1</b><br>Test class: RegressionSuite.TC49ToTC56<br>Test method: TC 49: Verify BASEMAP Tab Function</td>
<td></td>
<td>99</td>
<td>RegressionSuite.TC49ToTC56@6aaa5eb0</td></tr>
<tr>
<td title='RegressionSuite.TC49ToTC56.verifyImagery2()'><b>verifyImagery2</b><br>Test class: RegressionSuite.TC49ToTC56<br>Test method: TC 50: Verify TOPO Tab Function</td>
<td></td>
<td>44</td>
<td>RegressionSuite.TC49ToTC56@6aaa5eb0</td></tr>
<tr>
<td title='RegressionSuite.TC49ToTC56.verifyImagery3()'><b>verifyImagery3</b><br>Test class: RegressionSuite.TC49ToTC56<br>Test method: TC 51: Verify TAX MAP Tab Function</td>
<td></td>
<td>24</td>
<td>RegressionSuite.TC49ToTC56@6aaa5eb0</td></tr>
<tr>
<td title='RegressionSuite.TC49ToTC56.verifyImagery4()'><b>verifyImagery4</b><br>Test class: RegressionSuite.TC49ToTC56<br>Test method: TC 52: Verify HISTORICAL Tab Function</td>
<td></td>
<td>104</td>
<td>RegressionSuite.TC49ToTC56@6aaa5eb0</td></tr>
<tr>
<td title='RegressionSuite.TC10.verifyListWidthFeature()'><b>verifyListWidthFeature</b><br>Test class: RegressionSuite.TC10<br>Test method: TC 10: Verify LIST WIDTH feature</td>
<td></td>
<td>60</td>
<td>RegressionSuite.TC10@67b64c45</td></tr>
<tr>
<td title='RegressionSuite.TC47.verifyMapMarkerAQUIFLOWMarker()'><b>verifyMapMarkerAQUIFLOWMarker</b><br>Test class: RegressionSuite.TC47<br>Test method: TC 47: Verify AQUIFLOW Map Marker</td>
<td></td>
<td>5</td>
<td>RegressionSuite.TC47@22f71333</td></tr>
<tr>
<td title='RegressionSuite.TC47.verifyMapMarkerBULDPERMITMarker()'><b>verifyMapMarkerBULDPERMITMarker</b><br>Test class: RegressionSuite.TC47<br>Test method: TC 47: Verify BUILDING PERMITS Map Marker</td>
<td></td>
<td>16</td>
<td>RegressionSuite.TC47@22f71333</td></tr>
<tr>
<td title='RegressionSuite.TC47.verifyMapMarkerMAPFINDINGSMarker()'><b>verifyMapMarkerMAPFINDINGSMarker</b><br>Test class: RegressionSuite.TC47<br>Test method: TC 47: Verify MAP FINDINGS Map Marker</td>
<td></td>
<td>31</td>
<td>RegressionSuite.TC47@22f71333</td></tr>
<tr>
<td title='RegressionSuite.TC47.verifyMapMarkerOILGASMarker()'><b>verifyMapMarkerOILGASMarker</b><br>Test class: RegressionSuite.TC47<br>Test method: TC 47: Verify OIL AND GAS WELLS Map Marker</td>
<td></td>
<td>5</td>
<td>RegressionSuite.TC47@22f71333</td></tr>
<tr>
<td title='RegressionSuite.TC47.verifyMapMarkerPOIMarker()'><b>verifyMapMarkerPOIMarker</b><br>Test class: RegressionSuite.TC47<br>Test method: TC 47: Verify POI Map Marker</td>
<td></td>
<td>23</td>
<td>RegressionSuite.TC47@22f71333</td></tr>
<tr>
<td title='RegressionSuite.TC47.verifyMapMarkerSOILMarker()'><b>verifyMapMarkerSOILMarker</b><br>Test class: RegressionSuite.TC47<br>Test method: TC 47: Verify SOIL DATA Map Marker</td>
<td></td>
<td>5</td>
<td>RegressionSuite.TC47@22f71333</td></tr>
<tr>
<td title='RegressionSuite.TC47.verifyMapMarkerTPMarker()'><b>verifyMapMarkerTPMarker</b><br>Test class: RegressionSuite.TC47<br>Test method: TC 47: Verify TP Map Marker</td>
<td></td>
<td>29</td>
<td>RegressionSuite.TC47@22f71333</td></tr>
<tr>
<td title='RegressionSuite.TC47.verifyMapMarkerWATERWELLSMarker()'><b>verifyMapMarkerWATERWELLSMarker</b><br>Test class: RegressionSuite.TC47<br>Test method: TC 47: Verify WATER WELLS Map Marker</td>
<td></td>
<td>5</td>
<td>RegressionSuite.TC47@22f71333</td></tr>
<tr>
<td title='RegressionSuite.TC47.verifyMapMarkers()'><b>verifyMapMarkers</b><br>Test class: RegressionSuite.TC47<br>Test method: TC 47: Verify LAYERS dropdown</td>
<td></td>
<td>9</td>
<td>RegressionSuite.TC47@22f71333</td></tr>
<tr>
<td title='RegressionSuite.TC48.verifyMapMarkers()'><b>verifyMapMarkers</b><br>Test class: RegressionSuite.TC48<br>Test method: TC 48: Verify About Tab</td>
<td></td>
<td>116</td>
<td>RegressionSuite.TC48@13969fbe</td></tr>
<tr>
<td title='RegressionSuite.TC47.verifyMapMarkersList()'><b>verifyMapMarkersList</b><br>Test class: RegressionSuite.TC47<br>Test method: TC 47: Verify LAYERS dropdown</td>
<td></td>
<td>71</td>
<td>RegressionSuite.TC47@22f71333</td></tr>
<tr>
<td title='RegressionSuite.TC18ToTC22.verifyORPHANRecordCount()'><b>verifyORPHANRecordCount</b><br>Test class: RegressionSuite.TC18ToTC22<br>Test method: TC 19: Verify Record count for ORPHANS</td>
<td></td>
<td>20</td>
<td>RegressionSuite.TC18ToTC22@7f690630</td></tr>
<tr>
<td title='RegressionSuite.TC37ToTC40.verifyOTHERDataTab()'><b>verifyOTHERDataTab</b><br>Test class: RegressionSuite.TC37ToTC40<br>Test method: TC 37: Verify OTHER Tab</td>
<td></td>
<td>29</td>
<td>RegressionSuite.TC37ToTC40@6108b2d7</td></tr>
<tr>
<td title='RegressionSuite.TC06ToTC09.verifyOTHERTab()'><b>verifyOTHERTab</b><br>Test class: RegressionSuite.TC06ToTC09<br>Test method: TC 09: Verify OTHER Tab</td>
<td></td>
<td>14</td>
<td>RegressionSuite.TC06ToTC09@3796751b</td></tr>
<tr>
<td title='RegressionSuite.TC06ToTC09.verifyPHYSICALSETTINGSTab()'><b>verifyPHYSICALSETTINGSTab</b><br>Test class: RegressionSuite.TC06ToTC09<br>Test method: TC 08: Verify PHYSICAL SETTINGS Tab</td>
<td></td>
<td>35</td>
<td>RegressionSuite.TC06ToTC09@3796751b</td></tr>
<tr>
<td title='RegressionSuite.TC23ToTC26.verifyPopoutLink()'><b>verifyPopoutLink</b><br>Test class: RegressionSuite.TC23ToTC26<br>Test method: TC 26: Verify POPOUT link</td>
<td></td>
<td>28</td>
<td>RegressionSuite.TC23ToTC26@edf4efb</td></tr>
<tr>
<td title='RegressionSuite.TC32ToTC36.verifyPopoutLink()'><b>verifyPopoutLink</b><br>Test class: RegressionSuite.TC32ToTC36<br>Test method: TC 35: Verify Popout link for SOIL DATA</td>
<td></td>
<td>27</td>
<td>RegressionSuite.TC32ToTC36@566776ad</td></tr>
<tr>
<td title='RegressionSuite.TC23ToTC26.verifySlideOut()'><b>verifySlideOut</b><br>Test class: RegressionSuite.TC23ToTC26<br>Test method: TC 25: Verify Slideout Panel for WATER WELLS</td>
<td></td>
<td>44</td>
<td>RegressionSuite.TC23ToTC26@edf4efb</td></tr>
<tr>
<td title='RegressionSuite.TC32ToTC36.verifySlideOut()'><b>verifySlideOut</b><br>Test class: RegressionSuite.TC32ToTC36<br>Test method: TC 34: Verify Slideout Panel for SOIL DATA</td>
<td></td>
<td>30</td>
<td>RegressionSuite.TC32ToTC36@566776ad</td></tr>
<tr>
<td title='RegressionSuite.TC37ToTC40.verifySlideOut()'><b>verifySlideOut</b><br>Test class: RegressionSuite.TC37ToTC40<br>Test method: TC 39: Verify Slideout panel for OTHER </td>
<td></td>
<td>56</td>
<td>RegressionSuite.TC37ToTC40@6108b2d7</td></tr>
<tr>
<td title='RegressionSuite.TC18ToTC22.verifySlideout()'><b>verifySlideout</b><br>Test class: RegressionSuite.TC18ToTC22<br>Test method: TC 22: Verify Slideout panel for ORPHANS</td>
<td></td>
<td>0</td>
<td>RegressionSuite.TC18ToTC22@7f690630</td></tr>
<tr>
<td title='RegressionSuite.TC41ToTC44.verifySlideout()'><b>verifySlideout</b><br>Test class: RegressionSuite.TC41ToTC44<br>Test method: TC 45: Verify Slideout panel for AQUIFLOW </td>
<td></td>
<td>0</td>
<td>RegressionSuite.TC41ToTC44@1554909b</td></tr>
<tr>
<td title='RegressionSuite.TC32ToTC36.verifySoilInformation()'><b>verifySoilInformation</b><br>Test class: RegressionSuite.TC32ToTC36<br>Test method: TC 36: Verify Soil Information link on Slideout</td>
<td></td>
<td>14</td>
<td>RegressionSuite.TC32ToTC36@566776ad</td></tr>
<tr>
<td title='RegressionSuite.TC06ToTC09.verifySummaryTab()'><b>verifySummaryTab</b><br>Test class: RegressionSuite.TC06ToTC09<br>Test method: TC 06: Verify SUMMARY TAB</td>
<td></td>
<td>6</td>
<td>RegressionSuite.TC06ToTC09@3796751b</td></tr>
<tr>
<td title='RegressionSuite.TC01ToTC04.verifyTOPOTab()'><b>verifyTOPOTab</b><br>Test class: RegressionSuite.TC01ToTC04<br>Test method: TC 03: Verify TOPO Tab</td>
<td></td>
<td>25</td>
<td>RegressionSuite.TC01ToTC04@2812cbfa</td></tr>
<tr>
<td title='RegressionSuite.TC01ToTC04.verifyTaxmapTab()'><b>verifyTaxmapTab</b><br>Test class: RegressionSuite.TC01ToTC04<br>Test method: TC 02: Verify TAX MAP Tab</td>
<td></td>
<td>5</td>
<td>RegressionSuite.TC01ToTC04@2812cbfa</td></tr>
<tr>
<td title='RegressionSuite.TC18ToTC22.verifyTitle()'><b>verifyTitle</b><br>Test class: RegressionSuite.TC18ToTC22<br>Test method: TC 18: Verify ORPHAN Tab</td>
<td></td>
<td>37</td>
<td>RegressionSuite.TC18ToTC22@7f690630</td></tr>
<tr>
<td title='RegressionSuite.TC23ToTC26.verifyTitle()'><b>verifyTitle</b><br>Test class: RegressionSuite.TC23ToTC26<br>Test method: TC 23: Verify WATER WELLS Tab</td>
<td></td>
<td>33</td>
<td>RegressionSuite.TC23ToTC26@edf4efb</td></tr>
<tr>
<td title='RegressionSuite.TC27ToTC31.verifyTitle()'><b>verifyTitle</b><br>Test class: RegressionSuite.TC27ToTC31<br>Test method: TC 27: Verify OIL & GAS WELLS Tab</td>
<td></td>
<td>34</td>
<td>RegressionSuite.TC27ToTC31@2f7a2457</td></tr>
<tr>
<td title='RegressionSuite.TC41ToTC44.verifyTitle()'><b>verifyTitle</b><br>Test class: RegressionSuite.TC41ToTC44<br>Test method: TC 41: Verify AQUIFLOW Tab </td>
<td></td>
<td>38</td>
<td>RegressionSuite.TC41ToTC44@1554909b</td></tr>
</table><p>
</body>
</html>